mode: atomic
github.com/hyperledger/fabric/orderer/consensus/etcdraft/blockcreator.go:25.72,31.27 3 128
github.com/hyperledger/fabric/orderer/consensus/etcdraft/blockcreator.go:38.2,45.14 6 128
github.com/hyperledger/fabric/orderer/consensus/etcdraft/blockcreator.go:31.27,33.17 2 130
github.com/hyperledger/fabric/orderer/consensus/etcdraft/blockcreator.go:33.17,35.4 1 0
github.com/hyperledger/fabric/orderer/consensus/etcdraft/dispatcher.go:41.106,43.21 2 2
github.com/hyperledger/fabric/orderer/consensus/etcdraft/dispatcher.go:47.2,47.44 1 1
github.com/hyperledger/fabric/orderer/consensus/etcdraft/dispatcher.go:43.21,46.3 2 1
github.com/hyperledger/fabric/orderer/consensus/etcdraft/dispatcher.go:51.100,53.21 2 2
github.com/hyperledger/fabric/orderer/consensus/etcdraft/dispatcher.go:57.2,57.41 1 1
github.com/hyperledger/fabric/orderer/consensus/etcdraft/dispatcher.go:53.21,56.3 2 1
github.com/hyperledger/fabric/orderer/consensus/etcdraft/eviction.go:35.32,37.2 1 164
github.com/hyperledger/fabric/orderer/consensus/etcdraft/eviction.go:40.33,43.2 2 162
github.com/hyperledger/fabric/orderer/consensus/etcdraft/eviction.go:45.43,47.2 1 3242
github.com/hyperledger/fabric/orderer/consensus/etcdraft/eviction.go:49.34,50.20 1 3242
github.com/hyperledger/fabric/orderer/consensus/etcdraft/eviction.go:56.2,56.21 1 3242
github.com/hyperledger/fabric/orderer/consensus/etcdraft/eviction.go:59.2,59.44 1 3080
github.com/hyperledger/fabric/orderer/consensus/etcdraft/eviction.go:50.20,52.3 1 1173
github.com/hyperledger/fabric/orderer/consensus/etcdraft/eviction.go:52.8,54.3 1 2069
github.com/hyperledger/fabric/orderer/consensus/etcdraft/eviction.go:56.21,58.3 1 162
github.com/hyperledger/fabric/orderer/consensus/etcdraft/eviction.go:62.50,64.2 1 2069
github.com/hyperledger/fabric/orderer/consensus/etcdraft/eviction.go:66.47,67.37 1 1173
github.com/hyperledger/fabric/orderer/consensus/etcdraft/eviction.go:71.2,71.47 1 1173
github.com/hyperledger/fabric/orderer/consensus/etcdraft/eviction.go:67.37,69.3 1 169
github.com/hyperledger/fabric/orderer/consensus/etcdraft/eviction.go:86.82,87.70 1 180
github.com/hyperledger/fabric/orderer/consensus/etcdraft/eviction.go:90.2,92.16 3 138
github.com/hyperledger/fabric/orderer/consensus/etcdraft/eviction.go:96.2,97.16 2 137
github.com/hyperledger/fabric/orderer/consensus/etcdraft/eviction.go:102.2,106.47 3 16
github.com/hyperledger/fabric/orderer/consensus/etcdraft/eviction.go:111.2,112.67 2 5
github.com/hyperledger/fabric/orderer/consensus/etcdraft/eviction.go:123.2,132.68 8 1
github.com/hyperledger/fabric/orderer/consensus/etcdraft/eviction.go:141.2,141.60 1 1
github.com/hyperledger/fabric/orderer/consensus/etcdraft/eviction.go:87.70,89.3 1 42
github.com/hyperledger/fabric/orderer/consensus/etcdraft/eviction.go:92.16,94.3 1 1
github.com/hyperledger/fabric/orderer/consensus/etcdraft/eviction.go:97.16,100.3 2 121
github.com/hyperledger/fabric/orderer/consensus/etcdraft/eviction.go:106.47,109.3 2 11
github.com/hyperledger/fabric/orderer/consensus/etcdraft/eviction.go:112.67,114.17 2 4
github.com/hyperledger/fabric/orderer/consensus/etcdraft/eviction.go:117.3,120.9 3 4
github.com/hyperledger/fabric/orderer/consensus/etcdraft/eviction.go:114.17,116.4 1 2
github.com/hyperledger/fabric/orderer/consensus/etcdraft/eviction.go:132.68,136.17 4 2
github.com/hyperledger/fabric/orderer/consensus/etcdraft/eviction.go:136.17,138.4 1 0
github.com/hyperledger/fabric/orderer/consensus/etcdraft/metrics.go:107.46,120.2 1 2
github.com/hyperledger/fabric/orderer/consensus/etcdraft/util.go:30.51,33.38 2 163
github.com/hyperledger/fabric/orderer/consensus/etcdraft/util.go:36.2,36.14 1 163
github.com/hyperledger/fabric/orderer/consensus/etcdraft/util.go:33.38,35.3 1 397
github.com/hyperledger/fabric/orderer/consensus/etcdraft/util.go:40.76,42.31 2 55
github.com/hyperledger/fabric/orderer/consensus/etcdraft/util.go:45.2,45.12 1 55
github.com/hyperledger/fabric/orderer/consensus/etcdraft/util.go:42.31,44.3 1 149
github.com/hyperledger/fabric/orderer/consensus/etcdraft/util.go:51.64,52.15 1 13
github.com/hyperledger/fabric/orderer/consensus/etcdraft/util.go:56.2,56.42 1 13
github.com/hyperledger/fabric/orderer/consensus/etcdraft/util.go:62.2,63.42 2 13
github.com/hyperledger/fabric/orderer/consensus/etcdraft/util.go:75.2,75.12 1 12
github.com/hyperledger/fabric/orderer/consensus/etcdraft/util.go:52.15,54.3 1 0
github.com/hyperledger/fabric/orderer/consensus/etcdraft/util.go:56.42,57.23 1 33
github.com/hyperledger/fabric/orderer/consensus/etcdraft/util.go:57.23,59.4 1 0
github.com/hyperledger/fabric/orderer/consensus/etcdraft/util.go:63.42,68.49 5 33
github.com/hyperledger/fabric/orderer/consensus/etcdraft/util.go:72.3,73.31 2 32
github.com/hyperledger/fabric/orderer/consensus/etcdraft/util.go:68.49,70.4 1 1
github.com/hyperledger/fabric/orderer/consensus/etcdraft/util.go:79.97,81.79 2 38
github.com/hyperledger/fabric/orderer/consensus/etcdraft/util.go:85.2,86.86 2 38
github.com/hyperledger/fabric/orderer/consensus/etcdraft/util.go:90.2,90.29 1 38
github.com/hyperledger/fabric/orderer/consensus/etcdraft/util.go:81.79,83.3 1 0
github.com/hyperledger/fabric/orderer/consensus/etcdraft/util.go:86.86,88.3 1 0
github.com/hyperledger/fabric/orderer/consensus/etcdraft/util.go:94.94,96.59 2 48
github.com/hyperledger/fabric/orderer/consensus/etcdraft/util.go:104.2,104.61 1 48
github.com/hyperledger/fabric/orderer/consensus/etcdraft/util.go:116.2,116.17 1 7
github.com/hyperledger/fabric/orderer/consensus/etcdraft/util.go:96.59,97.69 1 48
github.com/hyperledger/fabric/orderer/consensus/etcdraft/util.go:97.69,98.65 1 48
github.com/hyperledger/fabric/orderer/consensus/etcdraft/util.go:98.65,100.5 1 3
github.com/hyperledger/fabric/orderer/consensus/etcdraft/util.go:104.61,105.70 1 48
github.com/hyperledger/fabric/orderer/consensus/etcdraft/util.go:105.70,106.65 1 48
github.com/hyperledger/fabric/orderer/consensus/etcdraft/util.go:106.65,107.35 1 41
github.com/hyperledger/fabric/orderer/consensus/etcdraft/util.go:112.5,112.40 1 38
github.com/hyperledger/fabric/orderer/consensus/etcdraft/util.go:107.35,111.6 1 3
github.com/hyperledger/fabric/orderer/consensus/etcdraft/util.go:121.86,123.16 2 54
github.com/hyperledger/fabric/orderer/consensus/etcdraft/util.go:127.2,128.16 2 54
github.com/hyperledger/fabric/orderer/consensus/etcdraft/util.go:132.2,132.27 1 54
github.com/hyperledger/fabric/orderer/consensus/etcdraft/util.go:123.16,125.3 1 0
github.com/hyperledger/fabric/orderer/consensus/etcdraft/util.go:128.16,130.3 1 0
github.com/hyperledger/fabric/orderer/consensus/etcdraft/util.go:137.77,138.18 1 48
github.com/hyperledger/fabric/orderer/consensus/etcdraft/util.go:142.2,143.16 2 48
github.com/hyperledger/fabric/orderer/consensus/etcdraft/util.go:147.2,148.16 2 48
github.com/hyperledger/fabric/orderer/consensus/etcdraft/util.go:152.2,152.28 1 48
github.com/hyperledger/fabric/orderer/consensus/etcdraft/util.go:138.18,140.3 1 0
github.com/hyperledger/fabric/orderer/consensus/etcdraft/util.go:143.16,145.3 1 0
github.com/hyperledger/fabric/orderer/consensus/etcdraft/util.go:148.16,150.3 1 0
github.com/hyperledger/fabric/orderer/consensus/etcdraft/util.go:153.52,155.17 2 0
github.com/hyperledger/fabric/orderer/consensus/etcdraft/util.go:158.3,159.17 2 0
github.com/hyperledger/fabric/orderer/consensus/etcdraft/util.go:163.3,163.28 1 0
github.com/hyperledger/fabric/orderer/consensus/etcdraft/util.go:164.39,165.23 1 48
github.com/hyperledger/fabric/orderer/consensus/etcdraft/util.go:166.10,167.78 1 0
github.com/hyperledger/fabric/orderer/consensus/etcdraft/util.go:155.17,157.4 1 0
github.com/hyperledger/fabric/orderer/consensus/etcdraft/util.go:159.17,161.4 1 0
github.com/hyperledger/fabric/orderer/consensus/etcdraft/util.go:172.94,173.18 1 48
github.com/hyperledger/fabric/orderer/consensus/etcdraft/util.go:177.2,177.37 1 48
github.com/hyperledger/fabric/orderer/consensus/etcdraft/util.go:181.2,182.16 2 48
github.com/hyperledger/fabric/orderer/consensus/etcdraft/util.go:186.2,187.16 2 48
github.com/hyperledger/fabric/orderer/consensus/etcdraft/util.go:191.2,192.16 2 48
github.com/hyperledger/fabric/orderer/consensus/etcdraft/util.go:196.2,196.47 1 48
github.com/hyperledger/fabric/orderer/consensus/etcdraft/util.go:173.18,175.3 1 0
github.com/hyperledger/fabric/orderer/consensus/etcdraft/util.go:177.37,179.3 1 0
github.com/hyperledger/fabric/orderer/consensus/etcdraft/util.go:182.16,184.3 1 0
github.com/hyperledger/fabric/orderer/consensus/etcdraft/util.go:187.16,189.3 1 0
github.com/hyperledger/fabric/orderer/consensus/etcdraft/util.go:192.16,194.3 1 0
github.com/hyperledger/fabric/orderer/consensus/etcdraft/util.go:200.67,201.21 1 28
github.com/hyperledger/fabric/orderer/consensus/etcdraft/util.go:207.2,207.29 1 27
github.com/hyperledger/fabric/orderer/consensus/etcdraft/util.go:211.2,213.43 1 26
github.com/hyperledger/fabric/orderer/consensus/etcdraft/util.go:220.2,220.69 1 23
github.com/hyperledger/fabric/orderer/consensus/etcdraft/util.go:225.2,225.77 1 22
github.com/hyperledger/fabric/orderer/consensus/etcdraft/util.go:231.2,231.35 1 19
github.com/hyperledger/fabric/orderer/consensus/etcdraft/util.go:236.2,236.48 1 16
github.com/hyperledger/fabric/orderer/consensus/etcdraft/util.go:248.2,248.57 1 13
github.com/hyperledger/fabric/orderer/consensus/etcdraft/util.go:252.2,252.12 1 12
github.com/hyperledger/fabric/orderer/consensus/etcdraft/util.go:201.21,205.3 1 1
github.com/hyperledger/fabric/orderer/consensus/etcdraft/util.go:207.29,209.3 1 1
github.com/hyperledger/fabric/orderer/consensus/etcdraft/util.go:213.43,217.3 1 3
github.com/hyperledger/fabric/orderer/consensus/etcdraft/util.go:220.69,223.3 1 1
github.com/hyperledger/fabric/orderer/consensus/etcdraft/util.go:225.77,227.3 1 2
github.com/hyperledger/fabric/orderer/consensus/etcdraft/util.go:227.8,227.19 1 20
github.com/hyperledger/fabric/orderer/consensus/etcdraft/util.go:227.19,229.3 1 1
github.com/hyperledger/fabric/orderer/consensus/etcdraft/util.go:231.35,233.3 1 3
github.com/hyperledger/fabric/orderer/consensus/etcdraft/util.go:236.48,237.23 1 36
github.com/hyperledger/fabric/orderer/consensus/etcdraft/util.go:240.3,240.73 1 35
github.com/hyperledger/fabric/orderer/consensus/etcdraft/util.go:243.3,243.73 1 34
github.com/hyperledger/fabric/orderer/consensus/etcdraft/util.go:237.23,239.4 1 1
github.com/hyperledger/fabric/orderer/consensus/etcdraft/util.go:240.73,242.4 1 1
github.com/hyperledger/fabric/orderer/consensus/etcdraft/util.go:243.73,245.4 1 1
github.com/hyperledger/fabric/orderer/consensus/etcdraft/util.go:248.57,250.3 1 1
github.com/hyperledger/fabric/orderer/consensus/etcdraft/util.go:255.58,258.15 2 69
github.com/hyperledger/fabric/orderer/consensus/etcdraft/util.go:262.2,262.59 1 67
github.com/hyperledger/fabric/orderer/consensus/etcdraft/util.go:265.2,265.12 1 67
github.com/hyperledger/fabric/orderer/consensus/etcdraft/util.go:258.15,260.3 1 2
github.com/hyperledger/fabric/orderer/consensus/etcdraft/util.go:262.59,264.3 1 0
github.com/hyperledger/fabric/orderer/consensus/etcdraft/util.go:279.91,280.24 1 5
github.com/hyperledger/fabric/orderer/consensus/etcdraft/util.go:283.2,284.16 2 4
github.com/hyperledger/fabric/orderer/consensus/etcdraft/util.go:287.2,288.16 2 3
github.com/hyperledger/fabric/orderer/consensus/etcdraft/util.go:291.2,292.13 2 2
github.com/hyperledger/fabric/orderer/consensus/etcdraft/util.go:295.2,296.67 2 2
github.com/hyperledger/fabric/orderer/consensus/etcdraft/util.go:300.2,300.41 1 2
github.com/hyperledger/fabric/orderer/consensus/etcdraft/util.go:305.2,305.32 1 1
github.com/hyperledger/fabric/orderer/consensus/etcdraft/util.go:280.24,282.3 1 1
github.com/hyperledger/fabric/orderer/consensus/etcdraft/util.go:284.16,286.3 1 1
github.com/hyperledger/fabric/orderer/consensus/etcdraft/util.go:288.16,290.3 1 1
github.com/hyperledger/fabric/orderer/consensus/etcdraft/util.go:292.13,294.3 1 0
github.com/hyperledger/fabric/orderer/consensus/etcdraft/util.go:296.67,298.3 1 0
github.com/hyperledger/fabric/orderer/consensus/etcdraft/util.go:300.41,301.143 1 4
github.com/hyperledger/fabric/orderer/consensus/etcdraft/util.go:301.143,303.4 1 1
github.com/hyperledger/fabric/orderer/consensus/etcdraft/util.go:310.49,311.31 1 0
github.com/hyperledger/fabric/orderer/consensus/etcdraft/util.go:316.2,316.14 1 0
github.com/hyperledger/fabric/orderer/consensus/etcdraft/util.go:311.31,312.19 1 0
github.com/hyperledger/fabric/orderer/consensus/etcdraft/util.go:312.19,314.4 1 0
github.com/hyperledger/fabric/orderer/consensus/etcdraft/util.go:321.104,325.60 2 0
github.com/hyperledger/fabric/orderer/consensus/etcdraft/util.go:345.2,345.23 1 0
github.com/hyperledger/fabric/orderer/consensus/etcdraft/util.go:325.60,328.58 2 0
github.com/hyperledger/fabric/orderer/consensus/etcdraft/util.go:328.58,329.48 1 0
github.com/hyperledger/fabric/orderer/consensus/etcdraft/util.go:332.4,332.39 1 0
github.com/hyperledger/fabric/orderer/consensus/etcdraft/util.go:329.48,330.13 1 0
github.com/hyperledger/fabric/orderer/consensus/etcdraft/util.go:334.8,337.42 2 0
github.com/hyperledger/fabric/orderer/consensus/etcdraft/util.go:337.42,338.54 1 0
github.com/hyperledger/fabric/orderer/consensus/etcdraft/util.go:341.4,341.34 1 0
github.com/hyperledger/fabric/orderer/consensus/etcdraft/util.go:338.54,339.13 1 0
github.com/hyperledger/fabric/orderer/consensus/etcdraft/util.go:349.137,351.54 2 11
github.com/hyperledger/fabric/orderer/consensus/etcdraft/util.go:354.2,354.19 1 11
github.com/hyperledger/fabric/orderer/consensus/etcdraft/util.go:351.54,353.3 1 27
github.com/hyperledger/fabric/orderer/consensus/etcdraft/storage.go:71.25,74.16 2 176
github.com/hyperledger/fabric/orderer/consensus/etcdraft/storage.go:78.2,79.16 2 176
github.com/hyperledger/fabric/orderer/consensus/etcdraft/storage.go:91.2,92.16 2 176
github.com/hyperledger/fabric/orderer/consensus/etcdraft/storage.go:96.2,96.21 1 174
github.com/hyperledger/fabric/orderer/consensus/etcdraft/storage.go:103.2,117.8 5 174
github.com/hyperledger/fabric/orderer/consensus/etcdraft/storage.go:74.16,76.3 1 0
github.com/hyperledger/fabric/orderer/consensus/etcdraft/storage.go:79.16,80.32 1 168
github.com/hyperledger/fabric/orderer/consensus/etcdraft/storage.go:80.32,82.4 1 168
github.com/hyperledger/fabric/orderer/consensus/etcdraft/storage.go:82.9,84.4 1 0
github.com/hyperledger/fabric/orderer/consensus/etcdraft/storage.go:85.8,89.3 1 8
github.com/hyperledger/fabric/orderer/consensus/etcdraft/storage.go:92.16,94.3 1 2
github.com/hyperledger/fabric/orderer/consensus/etcdraft/storage.go:96.21,98.54 2 8
github.com/hyperledger/fabric/orderer/consensus/etcdraft/storage.go:98.54,100.4 1 0
github.com/hyperledger/fabric/orderer/consensus/etcdraft/storage.go:122.76,124.16 2 176
github.com/hyperledger/fabric/orderer/consensus/etcdraft/storage.go:128.2,131.16 3 176
github.com/hyperledger/fabric/orderer/consensus/etcdraft/storage.go:136.2,137.27 2 176
github.com/hyperledger/fabric/orderer/consensus/etcdraft/storage.go:142.2,145.37 3 176
github.com/hyperledger/fabric/orderer/consensus/etcdraft/storage.go:164.2,164.18 1 176
github.com/hyperledger/fabric/orderer/consensus/etcdraft/storage.go:124.16,127.3 2 0
github.com/hyperledger/fabric/orderer/consensus/etcdraft/storage.go:131.16,134.3 2 0
github.com/hyperledger/fabric/orderer/consensus/etcdraft/storage.go:137.27,138.47 1 15
github.com/hyperledger/fabric/orderer/consensus/etcdraft/storage.go:138.47,140.4 1 14
github.com/hyperledger/fabric/orderer/consensus/etcdraft/storage.go:145.37,148.17 3 14
github.com/hyperledger/fabric/orderer/consensus/etcdraft/storage.go:161.3,161.50 1 13
github.com/hyperledger/fabric/orderer/consensus/etcdraft/storage.go:148.17,152.50 3 1
github.com/hyperledger/fabric/orderer/consensus/etcdraft/storage.go:158.4,158.12 1 1
github.com/hyperledger/fabric/orderer/consensus/etcdraft/storage.go:152.50,154.5 1 0
github.com/hyperledger/fabric/orderer/consensus/etcdraft/storage.go:154.10,156.5 1 1
github.com/hyperledger/fabric/orderer/consensus/etcdraft/storage.go:167.98,168.58 1 176
github.com/hyperledger/fabric/orderer/consensus/etcdraft/storage.go:172.2,172.45 1 176
github.com/hyperledger/fabric/orderer/consensus/etcdraft/storage.go:168.58,170.3 1 0
github.com/hyperledger/fabric/orderer/consensus/etcdraft/storage.go:175.157,176.24 1 176
github.com/hyperledger/fabric/orderer/consensus/etcdraft/storage.go:196.2,197.21 2 175
github.com/hyperledger/fabric/orderer/consensus/etcdraft/storage.go:201.2,204.6 3 175
github.com/hyperledger/fabric/orderer/consensus/etcdraft/storage.go:234.2,234.25 1 174
github.com/hyperledger/fabric/orderer/consensus/etcdraft/storage.go:176.24,181.25 3 162
github.com/hyperledger/fabric/orderer/consensus/etcdraft/storage.go:185.3,185.17 1 162
github.com/hyperledger/fabric/orderer/consensus/etcdraft/storage.go:189.3,189.34 1 161
github.com/hyperledger/fabric/orderer/consensus/etcdraft/storage.go:181.25,183.4 1 0
github.com/hyperledger/fabric/orderer/consensus/etcdraft/storage.go:185.17,187.4 1 1
github.com/hyperledger/fabric/orderer/consensus/etcdraft/storage.go:189.34,191.4 1 0
github.com/hyperledger/fabric/orderer/consensus/etcdraft/storage.go:192.8,194.3 1 14
github.com/hyperledger/fabric/orderer/consensus/etcdraft/storage.go:197.21,199.3 1 8
github.com/hyperledger/fabric/orderer/consensus/etcdraft/storage.go:204.6,205.63 1 176
github.com/hyperledger/fabric/orderer/consensus/etcdraft/storage.go:209.3,209.49 1 175
github.com/hyperledger/fabric/orderer/consensus/etcdraft/storage.go:231.3,231.8 1 174
github.com/hyperledger/fabric/orderer/consensus/etcdraft/storage.go:205.63,207.4 1 1
github.com/hyperledger/fabric/orderer/consensus/etcdraft/storage.go:209.49,212.38 2 1
github.com/hyperledger/fabric/orderer/consensus/etcdraft/storage.go:217.4,217.46 1 1
github.com/hyperledger/fabric/orderer/consensus/etcdraft/storage.go:221.4,221.37 1 1
github.com/hyperledger/fabric/orderer/consensus/etcdraft/storage.go:225.4,227.12 2 1
github.com/hyperledger/fabric/orderer/consensus/etcdraft/storage.go:212.38,214.5 1 0
github.com/hyperledger/fabric/orderer/consensus/etcdraft/storage.go:217.46,219.5 1 0
github.com/hyperledger/fabric/orderer/consensus/etcdraft/storage.go:221.37,223.5 1 0
github.com/hyperledger/fabric/orderer/consensus/etcdraft/storage.go:238.51,241.2 2 329
github.com/hyperledger/fabric/orderer/consensus/etcdraft/storage.go:244.114,245.56 1 1605
github.com/hyperledger/fabric/orderer/consensus/etcdraft/storage.go:249.2,249.33 1 1605
github.com/hyperledger/fabric/orderer/consensus/etcdraft/storage.go:264.2,264.47 1 1605
github.com/hyperledger/fabric/orderer/consensus/etcdraft/storage.go:268.2,268.12 1 1605
github.com/hyperledger/fabric/orderer/consensus/etcdraft/storage.go:245.56,247.3 1 0
github.com/hyperledger/fabric/orderer/consensus/etcdraft/storage.go:249.33,250.47 1 7
github.com/hyperledger/fabric/orderer/consensus/etcdraft/storage.go:254.3,254.56 1 7
github.com/hyperledger/fabric/orderer/consensus/etcdraft/storage.go:250.47,252.4 1 0
github.com/hyperledger/fabric/orderer/consensus/etcdraft/storage.go:254.56,255.36 1 1
github.com/hyperledger/fabric/orderer/consensus/etcdraft/storage.go:255.36,258.5 1 1
github.com/hyperledger/fabric/orderer/consensus/etcdraft/storage.go:258.10,260.5 1 0
github.com/hyperledger/fabric/orderer/consensus/etcdraft/storage.go:264.47,266.3 1 0
github.com/hyperledger/fabric/orderer/consensus/etcdraft/storage.go:271.61,282.53 3 74
github.com/hyperledger/fabric/orderer/consensus/etcdraft/storage.go:286.2,286.47 1 74
github.com/hyperledger/fabric/orderer/consensus/etcdraft/storage.go:290.2,291.66 2 74
github.com/hyperledger/fabric/orderer/consensus/etcdraft/storage.go:295.2,295.12 1 74
github.com/hyperledger/fabric/orderer/consensus/etcdraft/storage.go:282.53,284.3 1 0
github.com/hyperledger/fabric/orderer/consensus/etcdraft/storage.go:286.47,288.3 1 0
github.com/hyperledger/fabric/orderer/consensus/etcdraft/storage.go:291.66,293.3 1 0
github.com/hyperledger/fabric/orderer/consensus/etcdraft/storage.go:299.87,302.16 3 67
github.com/hyperledger/fabric/orderer/consensus/etcdraft/storage.go:306.2,306.41 1 67
github.com/hyperledger/fabric/orderer/consensus/etcdraft/storage.go:310.2,313.35 2 67
github.com/hyperledger/fabric/orderer/consensus/etcdraft/storage.go:325.2,328.12 3 67
github.com/hyperledger/fabric/orderer/consensus/etcdraft/storage.go:302.16,304.3 1 0
github.com/hyperledger/fabric/orderer/consensus/etcdraft/storage.go:306.41,308.3 1 0
github.com/hyperledger/fabric/orderer/consensus/etcdraft/storage.go:313.35,316.49 3 61
github.com/hyperledger/fabric/orderer/consensus/etcdraft/storage.go:316.49,317.32 1 2
github.com/hyperledger/fabric/orderer/consensus/etcdraft/storage.go:317.32,319.5 1 2
github.com/hyperledger/fabric/orderer/consensus/etcdraft/storage.go:319.10,321.5 1 0
github.com/hyperledger/fabric/orderer/consensus/etcdraft/storage.go:332.29,333.46 1 67
github.com/hyperledger/fabric/orderer/consensus/etcdraft/storage.go:339.2,342.16 3 10
github.com/hyperledger/fabric/orderer/consensus/etcdraft/storage.go:333.46,337.3 2 57
github.com/hyperledger/fabric/orderer/consensus/etcdraft/storage.go:345.35,349.87 3 10
github.com/hyperledger/fabric/orderer/consensus/etcdraft/storage.go:370.2,370.16 1 10
github.com/hyperledger/fabric/orderer/consensus/etcdraft/storage.go:374.2,374.21 1 10
github.com/hyperledger/fabric/orderer/consensus/etcdraft/storage.go:380.2,380.32 1 9
github.com/hyperledger/fabric/orderer/consensus/etcdraft/storage.go:349.87,350.17 1 60
github.com/hyperledger/fabric/orderer/consensus/etcdraft/storage.go:353.3,353.39 1 60
github.com/hyperledger/fabric/orderer/consensus/etcdraft/storage.go:357.3,363.22 4 40
github.com/hyperledger/fabric/orderer/consensus/etcdraft/storage.go:367.3,368.13 2 30
github.com/hyperledger/fabric/orderer/consensus/etcdraft/storage.go:350.17,352.4 1 0
github.com/hyperledger/fabric/orderer/consensus/etcdraft/storage.go:353.39,355.4 1 20
github.com/hyperledger/fabric/orderer/consensus/etcdraft/storage.go:363.22,365.4 1 10
github.com/hyperledger/fabric/orderer/consensus/etcdraft/storage.go:370.16,372.3 1 0
github.com/hyperledger/fabric/orderer/consensus/etcdraft/storage.go:374.21,378.3 1 1
github.com/hyperledger/fabric/orderer/consensus/etcdraft/storage.go:383.36,385.88 2 10
github.com/hyperledger/fabric/orderer/consensus/etcdraft/storage.go:397.2,397.16 1 10
github.com/hyperledger/fabric/orderer/consensus/etcdraft/storage.go:402.2,403.27 2 10
github.com/hyperledger/fabric/orderer/consensus/etcdraft/storage.go:407.2,407.38 1 6
github.com/hyperledger/fabric/orderer/consensus/etcdraft/storage.go:385.88,386.17 1 34
github.com/hyperledger/fabric/orderer/consensus/etcdraft/storage.go:389.3,389.39 1 34
github.com/hyperledger/fabric/orderer/consensus/etcdraft/storage.go:395.3,395.13 1 34
github.com/hyperledger/fabric/orderer/consensus/etcdraft/storage.go:386.17,388.4 1 0
github.com/hyperledger/fabric/orderer/consensus/etcdraft/storage.go:389.39,391.4 1 22
github.com/hyperledger/fabric/orderer/consensus/etcdraft/storage.go:391.9,391.48 1 12
github.com/hyperledger/fabric/orderer/consensus/etcdraft/storage.go:391.48,393.4 1 2
github.com/hyperledger/fabric/orderer/consensus/etcdraft/storage.go:397.16,400.3 2 0
github.com/hyperledger/fabric/orderer/consensus/etcdraft/storage.go:403.27,405.3 1 4
github.com/hyperledger/fabric/orderer/consensus/etcdraft/storage.go:410.46,411.29 1 15
github.com/hyperledger/fabric/orderer/consensus/etcdraft/storage.go:411.29,413.17 2 26
github.com/hyperledger/fabric/orderer/consensus/etcdraft/storage.go:418.3,418.40 1 26
github.com/hyperledger/fabric/orderer/consensus/etcdraft/storage.go:424.3,424.34 1 26
github.com/hyperledger/fabric/orderer/consensus/etcdraft/storage.go:413.17,415.9 2 0
github.com/hyperledger/fabric/orderer/consensus/etcdraft/storage.go:418.40,420.4 1 0
github.com/hyperledger/fabric/orderer/consensus/etcdraft/storage.go:420.9,422.4 1 26
github.com/hyperledger/fabric/orderer/consensus/etcdraft/storage.go:424.34,426.4 1 0
github.com/hyperledger/fabric/orderer/consensus/etcdraft/storage.go:431.60,432.51 1 1
github.com/hyperledger/fabric/orderer/consensus/etcdraft/storage.go:432.51,433.35 1 1
github.com/hyperledger/fabric/orderer/consensus/etcdraft/storage.go:433.35,436.4 1 1
github.com/hyperledger/fabric/orderer/consensus/etcdraft/storage.go:436.9,438.4 1 0
github.com/hyperledger/fabric/orderer/consensus/etcdraft/storage.go:443.38,444.39 1 170
github.com/hyperledger/fabric/orderer/consensus/etcdraft/storage.go:448.2,448.12 1 170
github.com/hyperledger/fabric/orderer/consensus/etcdraft/storage.go:444.39,446.3 1 0
github.com/hyperledger/fabric/orderer/consensus/etcdraft/tracker.go:32.46,34.30 1 235
github.com/hyperledger/fabric/orderer/consensus/etcdraft/tracker.go:41.2,41.44 1 192
github.com/hyperledger/fabric/orderer/consensus/etcdraft/tracker.go:46.2,47.44 2 148
github.com/hyperledger/fabric/orderer/consensus/etcdraft/tracker.go:61.2,64.31 3 148
github.com/hyperledger/fabric/orderer/consensus/etcdraft/tracker.go:71.2,71.19 1 94
github.com/hyperledger/fabric/orderer/consensus/etcdraft/tracker.go:76.2,81.35 5 16
github.com/hyperledger/fabric/orderer/consensus/etcdraft/tracker.go:34.30,38.3 3 43
github.com/hyperledger/fabric/orderer/consensus/etcdraft/tracker.go:41.44,43.3 1 44
github.com/hyperledger/fabric/orderer/consensus/etcdraft/tracker.go:47.44,49.17 1 397
github.com/hyperledger/fabric/orderer/consensus/etcdraft/tracker.go:56.3,56.28 1 252
github.com/hyperledger/fabric/orderer/consensus/etcdraft/tracker.go:49.17,53.12 1 145
github.com/hyperledger/fabric/orderer/consensus/etcdraft/tracker.go:56.28,58.4 1 173
github.com/hyperledger/fabric/orderer/consensus/etcdraft/tracker.go:64.31,67.3 2 54
github.com/hyperledger/fabric/orderer/consensus/etcdraft/tracker.go:71.19,74.3 2 78
github.com/hyperledger/fabric/orderer/consensus/etcdraft/blockpuller.go:28.66,30.20 2 2
github.com/hyperledger/fabric/orderer/consensus/etcdraft/blockpuller.go:33.2,33.38 1 1
github.com/hyperledger/fabric/orderer/consensus/etcdraft/blockpuller.go:30.20,32.3 1 1
github.com/hyperledger/fabric/orderer/consensus/etcdraft/blockpuller.go:37.123,39.16 2 8
github.com/hyperledger/fabric/orderer/consensus/etcdraft/blockpuller.go:42.2,43.16 2 4
github.com/hyperledger/fabric/orderer/consensus/etcdraft/blockpuller.go:46.2,46.26 1 3
github.com/hyperledger/fabric/orderer/consensus/etcdraft/blockpuller.go:39.16,41.3 1 4
github.com/hyperledger/fabric/orderer/consensus/etcdraft/blockpuller.go:43.16,45.3 1 1
github.com/hyperledger/fabric/orderer/consensus/etcdraft/blockpuller.go:49.92,52.22 3 8
github.com/hyperledger/fabric/orderer/consensus/etcdraft/blockpuller.go:55.2,56.16 2 6
github.com/hyperledger/fabric/orderer/consensus/etcdraft/blockpuller.go:59.2,59.29 1 4
github.com/hyperledger/fabric/orderer/consensus/etcdraft/blockpuller.go:52.22,54.3 1 2
github.com/hyperledger/fabric/orderer/consensus/etcdraft/blockpuller.go:56.16,58.3 1 2
github.com/hyperledger/fabric/orderer/consensus/etcdraft/blockpuller.go:67.24,69.70 1 3
github.com/hyperledger/fabric/orderer/consensus/etcdraft/blockpuller.go:73.2,81.16 5 3
github.com/hyperledger/fabric/orderer/consensus/etcdraft/blockpuller.go:85.2,86.16 2 2
github.com/hyperledger/fabric/orderer/consensus/etcdraft/blockpuller.go:91.2,108.8 2 1
github.com/hyperledger/fabric/orderer/consensus/etcdraft/blockpuller.go:69.70,71.3 1 0
github.com/hyperledger/fabric/orderer/consensus/etcdraft/blockpuller.go:81.16,83.3 1 1
github.com/hyperledger/fabric/orderer/consensus/etcdraft/blockpuller.go:86.16,89.3 1 1
github.com/hyperledger/fabric/orderer/consensus/etcdraft/chain.go:211.19,217.16 4 167
github.com/hyperledger/fabric/orderer/consensus/etcdraft/chain.go:221.2,221.38 1 165
github.com/hyperledger/fabric/orderer/consensus/etcdraft/chain.go:227.2,228.20 2 165
github.com/hyperledger/fabric/orderer/consensus/etcdraft/chain.go:233.2,235.51 3 165
github.com/hyperledger/fabric/orderer/consensus/etcdraft/chain.go:241.2,242.14 2 165
github.com/hyperledger/fabric/orderer/consensus/etcdraft/chain.go:246.2,335.15 12 165
github.com/hyperledger/fabric/orderer/consensus/etcdraft/chain.go:217.16,219.3 1 2
github.com/hyperledger/fabric/orderer/consensus/etcdraft/chain.go:221.38,223.3 1 156
github.com/hyperledger/fabric/orderer/consensus/etcdraft/chain.go:223.8,225.3 1 9
github.com/hyperledger/fabric/orderer/consensus/etcdraft/chain.go:228.20,230.3 1 153
github.com/hyperledger/fabric/orderer/consensus/etcdraft/chain.go:235.51,239.3 3 5
github.com/hyperledger/fabric/orderer/consensus/etcdraft/chain.go:242.14,244.3 1 0
github.com/hyperledger/fabric/orderer/consensus/etcdraft/chain.go:339.25,342.42 2 163
github.com/hyperledger/fabric/orderer/consensus/etcdraft/chain.go:348.2,349.36 2 163
github.com/hyperledger/fabric/orderer/consensus/etcdraft/chain.go:353.2,364.37 8 163
github.com/hyperledger/fabric/orderer/consensus/etcdraft/chain.go:368.2,374.25 2 163
github.com/hyperledger/fabric/orderer/consensus/etcdraft/chain.go:342.42,346.3 3 0
github.com/hyperledger/fabric/orderer/consensus/etcdraft/chain.go:349.36,352.3 2 0
github.com/hyperledger/fabric/orderer/consensus/etcdraft/chain.go:364.37,366.3 1 127
github.com/hyperledger/fabric/orderer/consensus/etcdraft/chain.go:378.69,381.2 2 116
github.com/hyperledger/fabric/orderer/consensus/etcdraft/chain.go:384.73,387.2 2 24
github.com/hyperledger/fabric/orderer/consensus/etcdraft/chain.go:393.35,394.38 1 118
github.com/hyperledger/fabric/orderer/consensus/etcdraft/chain.go:398.2,398.9 1 117
github.com/hyperledger/fabric/orderer/consensus/etcdraft/chain.go:404.2,404.12 1 117
github.com/hyperledger/fabric/orderer/consensus/etcdraft/chain.go:394.38,396.3 1 1
github.com/hyperledger/fabric/orderer/consensus/etcdraft/chain.go:399.24,399.24 0 117
github.com/hyperledger/fabric/orderer/consensus/etcdraft/chain.go:400.17,401.43 1 0
github.com/hyperledger/fabric/orderer/consensus/etcdraft/chain.go:408.43,412.2 3 367
github.com/hyperledger/fabric/orderer/consensus/etcdraft/chain.go:415.24,416.9 1 290
github.com/hyperledger/fabric/orderer/consensus/etcdraft/chain.go:423.2,423.9 1 290
github.com/hyperledger/fabric/orderer/consensus/etcdraft/chain.go:428.2,430.27 2 161
github.com/hyperledger/fabric/orderer/consensus/etcdraft/chain.go:417.18,417.18 0 290
github.com/hyperledger/fabric/orderer/consensus/etcdraft/chain.go:418.10,420.9 2 0
github.com/hyperledger/fabric/orderer/consensus/etcdraft/chain.go:424.29,424.29 0 161
github.com/hyperledger/fabric/orderer/consensus/etcdraft/chain.go:425.17,426.9 1 129
github.com/hyperledger/fabric/orderer/consensus/etcdraft/chain.go:430.27,432.3 1 0
github.com/hyperledger/fabric/orderer/consensus/etcdraft/chain.go:435.35,436.9 1 2340
github.com/hyperledger/fabric/orderer/consensus/etcdraft/chain.go:442.2,442.9 1 2339
github.com/hyperledger/fabric/orderer/consensus/etcdraft/chain.go:448.2,448.12 1 2173
github.com/hyperledger/fabric/orderer/consensus/etcdraft/chain.go:437.18,437.18 0 2339
github.com/hyperledger/fabric/orderer/consensus/etcdraft/chain.go:438.10,439.47 1 1
github.com/hyperledger/fabric/orderer/consensus/etcdraft/chain.go:443.17,444.43 1 166
github.com/hyperledger/fabric/orderer/consensus/etcdraft/chain.go:445.10,445.10 0 2173
github.com/hyperledger/fabric/orderer/consensus/etcdraft/chain.go:452.79,453.38 1 1607
github.com/hyperledger/fabric/orderer/consensus/etcdraft/chain.go:457.2,458.62 2 1604
github.com/hyperledger/fabric/orderer/consensus/etcdraft/chain.go:462.2,462.62 1 1604
github.com/hyperledger/fabric/orderer/consensus/etcdraft/chain.go:466.2,466.79 1 1600
github.com/hyperledger/fabric/orderer/consensus/etcdraft/chain.go:470.2,471.71 2 3
github.com/hyperledger/fabric/orderer/consensus/etcdraft/chain.go:475.2,478.12 3 3
github.com/hyperledger/fabric/orderer/consensus/etcdraft/chain.go:453.38,455.3 1 3
github.com/hyperledger/fabric/orderer/consensus/etcdraft/chain.go:458.62,460.3 1 0
github.com/hyperledger/fabric/orderer/consensus/etcdraft/chain.go:462.62,464.3 1 4
github.com/hyperledger/fabric/orderer/consensus/etcdraft/chain.go:466.79,468.3 1 1597
github.com/hyperledger/fabric/orderer/consensus/etcdraft/chain.go:471.71,473.3 1 0
github.com/hyperledger/fabric/orderer/consensus/etcdraft/chain.go:485.73,486.38 1 154
github.com/hyperledger/fabric/orderer/consensus/etcdraft/chain.go:491.2,492.9 2 152
github.com/hyperledger/fabric/orderer/consensus/etcdraft/chain.go:512.2,512.12 1 149
github.com/hyperledger/fabric/orderer/consensus/etcdraft/chain.go:486.38,489.3 2 2
github.com/hyperledger/fabric/orderer/consensus/etcdraft/chain.go:493.40,495.24 2 152
github.com/hyperledger/fabric/orderer/consensus/etcdraft/chain.go:500.3,500.23 1 149
github.com/hyperledger/fabric/orderer/consensus/etcdraft/chain.go:507.17,509.43 2 0
github.com/hyperledger/fabric/orderer/consensus/etcdraft/chain.go:495.24,498.4 2 3
github.com/hyperledger/fabric/orderer/consensus/etcdraft/chain.go:500.23,501.54 1 14
github.com/hyperledger/fabric/orderer/consensus/etcdraft/chain.go:501.54,504.5 2 0
github.com/hyperledger/fabric/orderer/consensus/etcdraft/chain.go:520.45,522.2 1 645
github.com/hyperledger/fabric/orderer/consensus/etcdraft/chain.go:524.23,529.19 3 163
github.com/hyperledger/fabric/orderer/consensus/etcdraft/chain.go:534.2,534.23 1 163
github.com/hyperledger/fabric/orderer/consensus/etcdraft/chain.go:541.2,541.22 1 163
github.com/hyperledger/fabric/orderer/consensus/etcdraft/chain.go:549.2,555.22 6 163
github.com/hyperledger/fabric/orderer/consensus/etcdraft/chain.go:557.2,557.68 1 163
github.com/hyperledger/fabric/orderer/consensus/etcdraft/chain.go:604.2,604.27 1 163
github.com/hyperledger/fabric/orderer/consensus/etcdraft/chain.go:614.2,614.6 1 163
github.com/hyperledger/fabric/orderer/consensus/etcdraft/chain.go:529.19,531.3 1 0
github.com/hyperledger/fabric/orderer/consensus/etcdraft/chain.go:534.23,535.15 1 15
github.com/hyperledger/fabric/orderer/consensus/etcdraft/chain.go:535.15,538.4 2 14
github.com/hyperledger/fabric/orderer/consensus/etcdraft/chain.go:541.22,542.31 1 289
github.com/hyperledger/fabric/orderer/consensus/etcdraft/chain.go:546.3,546.18 1 289
github.com/hyperledger/fabric/orderer/consensus/etcdraft/chain.go:542.31,545.4 1 0
github.com/hyperledger/fabric/orderer/consensus/etcdraft/chain.go:555.23,555.24 0 67
github.com/hyperledger/fabric/orderer/consensus/etcdraft/chain.go:557.68,567.49 6 99
github.com/hyperledger/fabric/orderer/consensus/etcdraft/chain.go:582.3,583.57 2 99
github.com/hyperledger/fabric/orderer/consensus/etcdraft/chain.go:601.3,601.20 1 99
github.com/hyperledger/fabric/orderer/consensus/etcdraft/chain.go:567.49,569.14 1 4
github.com/hyperledger/fabric/orderer/consensus/etcdraft/chain.go:575.4,576.27 2 4
github.com/hyperledger/fabric/orderer/consensus/etcdraft/chain.go:569.14,570.73 1 4
github.com/hyperledger/fabric/orderer/consensus/etcdraft/chain.go:570.73,572.6 1 0
github.com/hyperledger/fabric/orderer/consensus/etcdraft/chain.go:583.57,584.8 1 99
github.com/hyperledger/fabric/orderer/consensus/etcdraft/chain.go:584.8,585.12 1 224
github.com/hyperledger/fabric/orderer/consensus/etcdraft/chain.go:586.20,588.54 2 126
github.com/hyperledger/fabric/orderer/consensus/etcdraft/chain.go:592.6,592.79 1 125
github.com/hyperledger/fabric/orderer/consensus/etcdraft/chain.go:594.23,596.12 2 96
github.com/hyperledger/fabric/orderer/consensus/etcdraft/chain.go:588.54,591.7 2 1
github.com/hyperledger/fabric/orderer/consensus/etcdraft/chain.go:604.27,612.3 7 11
github.com/hyperledger/fabric/orderer/consensus/etcdraft/chain.go:614.6,615.10 1 1312
github.com/hyperledger/fabric/orderer/consensus/etcdraft/chain.go:616.23,617.16 1 269
github.com/hyperledger/fabric/orderer/consensus/etcdraft/chain.go:622.4,622.89 1 152
github.com/hyperledger/fabric/orderer/consensus/etcdraft/chain.go:627.4,628.29 2 151
github.com/hyperledger/fabric/orderer/consensus/etcdraft/chain.go:632.4,633.18 2 135
github.com/hyperledger/fabric/orderer/consensus/etcdraft/chain.go:637.4,637.15 1 132
github.com/hyperledger/fabric/orderer/consensus/etcdraft/chain.go:643.4,645.24 2 132
github.com/hyperledger/fabric/orderer/consensus/etcdraft/chain.go:654.26,655.23 1 862
github.com/hyperledger/fabric/orderer/consensus/etcdraft/chain.go:706.4,708.21 2 862
github.com/hyperledger/fabric/orderer/consensus/etcdraft/chain.go:735.20,739.23 3 7
github.com/hyperledger/fabric/orderer/consensus/etcdraft/chain.go:744.4,745.31 2 7
github.com/hyperledger/fabric/orderer/consensus/etcdraft/chain.go:747.24,748.30 1 11
github.com/hyperledger/fabric/orderer/consensus/etcdraft/chain.go:760.4,760.40 1 7
github.com/hyperledger/fabric/orderer/consensus/etcdraft/chain.go:765.18,769.11 3 161
github.com/hyperledger/fabric/orderer/consensus/etcdraft/chain.go:775.4,777.10 3 161
github.com/hyperledger/fabric/orderer/consensus/etcdraft/chain.go:617.16,619.13 1 117
github.com/hyperledger/fabric/orderer/consensus/etcdraft/chain.go:622.89,624.13 2 1
github.com/hyperledger/fabric/orderer/consensus/etcdraft/chain.go:628.29,629.13 1 16
github.com/hyperledger/fabric/orderer/consensus/etcdraft/chain.go:633.18,635.13 2 3
github.com/hyperledger/fabric/orderer/consensus/etcdraft/chain.go:637.15,639.5 1 15
github.com/hyperledger/fabric/orderer/consensus/etcdraft/chain.go:639.10,641.5 1 117
github.com/hyperledger/fabric/orderer/consensus/etcdraft/chain.go:645.24,648.5 2 23
github.com/hyperledger/fabric/orderer/consensus/etcdraft/chain.go:648.10,648.58 1 109
github.com/hyperledger/fabric/orderer/consensus/etcdraft/chain.go:648.58,652.5 2 5
github.com/hyperledger/fabric/orderer/consensus/etcdraft/chain.go:655.23,657.31 2 293
github.com/hyperledger/fabric/orderer/consensus/etcdraft/chain.go:672.5,675.37 3 293
github.com/hyperledger/fabric/orderer/consensus/etcdraft/chain.go:681.5,681.66 1 293
github.com/hyperledger/fabric/orderer/consensus/etcdraft/chain.go:697.5,700.12 2 293
github.com/hyperledger/fabric/orderer/consensus/etcdraft/chain.go:657.31,663.31 4 251
github.com/hyperledger/fabric/orderer/consensus/etcdraft/chain.go:667.6,667.31 1 251
github.com/hyperledger/fabric/orderer/consensus/etcdraft/chain.go:663.31,665.7 1 99
github.com/hyperledger/fabric/orderer/consensus/etcdraft/chain.go:667.31,669.7 1 11
github.com/hyperledger/fabric/orderer/consensus/etcdraft/chain.go:675.37,679.6 3 201
github.com/hyperledger/fabric/orderer/consensus/etcdraft/chain.go:681.66,683.13 2 86
github.com/hyperledger/fabric/orderer/consensus/etcdraft/chain.go:684.22,684.22 0 41
github.com/hyperledger/fabric/orderer/consensus/etcdraft/chain.go:685.14,689.24 2 45
github.com/hyperledger/fabric/orderer/consensus/etcdraft/chain.go:689.24,691.8 1 41
github.com/hyperledger/fabric/orderer/consensus/etcdraft/chain.go:691.13,693.8 1 4
github.com/hyperledger/fabric/orderer/consensus/etcdraft/chain.go:701.29,701.29 0 292
github.com/hyperledger/fabric/orderer/consensus/etcdraft/chain.go:702.13,702.13 0 1
github.com/hyperledger/fabric/orderer/consensus/etcdraft/chain.go:708.21,710.20 2 160
github.com/hyperledger/fabric/orderer/consensus/etcdraft/chain.go:715.5,715.25 1 99
github.com/hyperledger/fabric/orderer/consensus/etcdraft/chain.go:720.5,727.26 4 99
github.com/hyperledger/fabric/orderer/consensus/etcdraft/chain.go:710.20,712.14 2 61
github.com/hyperledger/fabric/orderer/consensus/etcdraft/chain.go:715.25,717.14 2 0
github.com/hyperledger/fabric/orderer/consensus/etcdraft/chain.go:728.10,728.31 1 702
github.com/hyperledger/fabric/orderer/consensus/etcdraft/chain.go:728.31,731.5 2 50
github.com/hyperledger/fabric/orderer/consensus/etcdraft/chain.go:731.10,731.57 1 652
github.com/hyperledger/fabric/orderer/consensus/etcdraft/chain.go:731.57,733.5 1 652
github.com/hyperledger/fabric/orderer/consensus/etcdraft/chain.go:739.23,741.13 2 0
github.com/hyperledger/fabric/orderer/consensus/etcdraft/chain.go:748.30,749.44 1 11
github.com/hyperledger/fabric/orderer/consensus/etcdraft/chain.go:754.5,755.39 2 7
github.com/hyperledger/fabric/orderer/consensus/etcdraft/chain.go:749.44,751.11 2 4
github.com/hyperledger/fabric/orderer/consensus/etcdraft/chain.go:756.10,758.5 1 0
github.com/hyperledger/fabric/orderer/consensus/etcdraft/chain.go:760.40,763.5 1 0
github.com/hyperledger/fabric/orderer/consensus/etcdraft/chain.go:770.20,770.20 0 7
github.com/hyperledger/fabric/orderer/consensus/etcdraft/chain.go:771.12,772.20 1 154
github.com/hyperledger/fabric/orderer/consensus/etcdraft/chain.go:782.63,783.55 1 271
github.com/hyperledger/fabric/orderer/consensus/etcdraft/chain.go:790.2,790.25 1 271
github.com/hyperledger/fabric/orderer/consensus/etcdraft/chain.go:793.2,797.36 3 271
github.com/hyperledger/fabric/orderer/consensus/etcdraft/chain.go:802.2,807.32 5 217
github.com/hyperledger/fabric/orderer/consensus/etcdraft/chain.go:783.55,785.3 1 0
github.com/hyperledger/fabric/orderer/consensus/etcdraft/chain.go:785.8,785.62 1 271
github.com/hyperledger/fabric/orderer/consensus/etcdraft/chain.go:785.62,788.3 2 0
github.com/hyperledger/fabric/orderer/consensus/etcdraft/chain.go:790.25,792.3 1 122
github.com/hyperledger/fabric/orderer/consensus/etcdraft/chain.go:797.36,800.3 2 54
github.com/hyperledger/fabric/orderer/consensus/etcdraft/chain.go:816.109,819.29 2 135
github.com/hyperledger/fabric/orderer/consensus/etcdraft/chain.go:839.2,839.33 1 110
github.com/hyperledger/fabric/orderer/consensus/etcdraft/chain.go:846.2,847.30 2 109
github.com/hyperledger/fabric/orderer/consensus/etcdraft/chain.go:819.29,821.34 1 25
github.com/hyperledger/fabric/orderer/consensus/etcdraft/chain.go:830.3,832.22 3 23
github.com/hyperledger/fabric/orderer/consensus/etcdraft/chain.go:835.3,836.29 2 23
github.com/hyperledger/fabric/orderer/consensus/etcdraft/chain.go:821.34,824.18 3 3
github.com/hyperledger/fabric/orderer/consensus/etcdraft/chain.go:824.18,827.5 2 2
github.com/hyperledger/fabric/orderer/consensus/etcdraft/chain.go:832.22,834.4 1 1
github.com/hyperledger/fabric/orderer/consensus/etcdraft/chain.go:839.33,841.68 2 3
github.com/hyperledger/fabric/orderer/consensus/etcdraft/chain.go:841.68,844.4 2 1
github.com/hyperledger/fabric/orderer/consensus/etcdraft/chain.go:851.99,852.32 1 139
github.com/hyperledger/fabric/orderer/consensus/etcdraft/chain.go:870.2,870.8 1 139
github.com/hyperledger/fabric/orderer/consensus/etcdraft/chain.go:852.32,856.10 3 126
github.com/hyperledger/fabric/orderer/consensus/etcdraft/chain.go:863.3,863.33 1 126
github.com/hyperledger/fabric/orderer/consensus/etcdraft/chain.go:867.3,867.20 1 126
github.com/hyperledger/fabric/orderer/consensus/etcdraft/chain.go:857.16,857.16 0 126
github.com/hyperledger/fabric/orderer/consensus/etcdraft/chain.go:858.11,859.129 1 0
github.com/hyperledger/fabric/orderer/consensus/etcdraft/chain.go:863.33,865.4 1 23
github.com/hyperledger/fabric/orderer/consensus/etcdraft/chain.go:873.54,875.16 2 7
github.com/hyperledger/fabric/orderer/consensus/etcdraft/chain.go:879.2,879.50 1 7
github.com/hyperledger/fabric/orderer/consensus/etcdraft/chain.go:884.2,885.16 2 3
github.com/hyperledger/fabric/orderer/consensus/etcdraft/chain.go:888.2,894.30 4 3
github.com/hyperledger/fabric/orderer/consensus/etcdraft/chain.go:924.2,925.12 2 3
github.com/hyperledger/fabric/orderer/consensus/etcdraft/chain.go:875.16,877.3 1 0
github.com/hyperledger/fabric/orderer/consensus/etcdraft/chain.go:879.50,882.3 2 4
github.com/hyperledger/fabric/orderer/consensus/etcdraft/chain.go:885.16,887.3 1 0
github.com/hyperledger/fabric/orderer/consensus/etcdraft/chain.go:894.30,896.19 2 6
github.com/hyperledger/fabric/orderer/consensus/etcdraft/chain.go:899.3,899.37 1 6
github.com/hyperledger/fabric/orderer/consensus/etcdraft/chain.go:920.3,921.9 2 6
github.com/hyperledger/fabric/orderer/consensus/etcdraft/chain.go:896.19,898.4 1 0
github.com/hyperledger/fabric/orderer/consensus/etcdraft/chain.go:899.37,904.61 3 0
github.com/hyperledger/fabric/orderer/consensus/etcdraft/chain.go:904.61,912.45 6 0
github.com/hyperledger/fabric/orderer/consensus/etcdraft/chain.go:912.45,914.6 1 0
github.com/hyperledger/fabric/orderer/consensus/etcdraft/chain.go:916.9,918.4 1 6
github.com/hyperledger/fabric/orderer/consensus/etcdraft/chain.go:928.74,933.27 2 48
github.com/hyperledger/fabric/orderer/consensus/etcdraft/chain.go:937.2,939.62 1 38
github.com/hyperledger/fabric/orderer/consensus/etcdraft/chain.go:945.2,946.16 2 38
github.com/hyperledger/fabric/orderer/consensus/etcdraft/chain.go:950.2,950.23 1 38
github.com/hyperledger/fabric/orderer/consensus/etcdraft/chain.go:954.2,954.16 1 38
github.com/hyperledger/fabric/orderer/consensus/etcdraft/chain.go:933.27,935.3 1 10
github.com/hyperledger/fabric/orderer/consensus/etcdraft/chain.go:939.62,943.3 2 36
github.com/hyperledger/fabric/orderer/consensus/etcdraft/chain.go:946.16,948.3 1 0
github.com/hyperledger/fabric/orderer/consensus/etcdraft/chain.go:950.23,952.3 1 12
github.com/hyperledger/fabric/orderer/consensus/etcdraft/chain.go:957.44,958.20 1 862
github.com/hyperledger/fabric/orderer/consensus/etcdraft/chain.go:962.2,962.38 1 611
github.com/hyperledger/fabric/orderer/consensus/etcdraft/chain.go:966.2,967.22 2 611
github.com/hyperledger/fabric/orderer/consensus/etcdraft/chain.go:1050.2,1050.34 1 611
github.com/hyperledger/fabric/orderer/consensus/etcdraft/chain.go:1066.2,1066.8 1 611
github.com/hyperledger/fabric/orderer/consensus/etcdraft/chain.go:958.20,960.3 1 251
github.com/hyperledger/fabric/orderer/consensus/etcdraft/chain.go:962.38,964.3 1 0
github.com/hyperledger/fabric/orderer/consensus/etcdraft/chain.go:967.22,968.23 1 891
github.com/hyperledger/fabric/orderer/consensus/etcdraft/chain.go:1045.3,1045.37 1 891
github.com/hyperledger/fabric/orderer/consensus/etcdraft/chain.go:969.27,970.30 1 487
github.com/hyperledger/fabric/orderer/consensus/etcdraft/chain.go:974.4,979.39 3 275
github.com/hyperledger/fabric/orderer/consensus/etcdraft/chain.go:984.4,986.68 3 271
github.com/hyperledger/fabric/orderer/consensus/etcdraft/chain.go:988.31,990.53 2 404
github.com/hyperledger/fabric/orderer/consensus/etcdraft/chain.go:995.4,997.19 2 404
github.com/hyperledger/fabric/orderer/consensus/etcdraft/chain.go:1008.4,1011.44 2 404
github.com/hyperledger/fabric/orderer/consensus/etcdraft/chain.go:1020.4,1025.14 4 404
github.com/hyperledger/fabric/orderer/consensus/etcdraft/chain.go:970.30,971.10 1 212
github.com/hyperledger/fabric/orderer/consensus/etcdraft/chain.go:979.39,981.10 2 4
github.com/hyperledger/fabric/orderer/consensus/etcdraft/chain.go:990.53,992.13 2 0
github.com/hyperledger/fabric/orderer/consensus/etcdraft/chain.go:998.34,999.120 1 393
github.com/hyperledger/fabric/orderer/consensus/etcdraft/chain.go:1000.37,1001.123 1 11
github.com/hyperledger/fabric/orderer/consensus/etcdraft/chain.go:1002.12,1003.84 1 0
github.com/hyperledger/fabric/orderer/consensus/etcdraft/chain.go:1011.44,1018.5 4 24
github.com/hyperledger/fabric/orderer/consensus/etcdraft/chain.go:1025.14,1026.21 1 404
github.com/hyperledger/fabric/orderer/consensus/etcdraft/chain.go:1031.5,1031.37 1 404
github.com/hyperledger/fabric/orderer/consensus/etcdraft/chain.go:1037.5,1037.19 1 404
github.com/hyperledger/fabric/orderer/consensus/etcdraft/chain.go:1026.21,1029.6 2 7
github.com/hyperledger/fabric/orderer/consensus/etcdraft/chain.go:1031.37,1032.46 1 20
github.com/hyperledger/fabric/orderer/consensus/etcdraft/chain.go:1032.46,1034.7 1 0
github.com/hyperledger/fabric/orderer/consensus/etcdraft/chain.go:1037.19,1041.6 3 4
github.com/hyperledger/fabric/orderer/consensus/etcdraft/chain.go:1045.37,1047.4 1 881
github.com/hyperledger/fabric/orderer/consensus/etcdraft/chain.go:1050.34,1053.10 2 54
github.com/hyperledger/fabric/orderer/consensus/etcdraft/chain.go:1054.91,1060.63 4 54
github.com/hyperledger/fabric/orderer/consensus/etcdraft/chain.go:1061.11,1062.107 1 0
github.com/hyperledger/fabric/orderer/consensus/etcdraft/chain.go:1069.22,1070.6 1 163
github.com/hyperledger/fabric/orderer/consensus/etcdraft/chain.go:1070.6,1071.10 1 217
github.com/hyperledger/fabric/orderer/consensus/etcdraft/chain.go:1072.21,1073.49 1 54
github.com/hyperledger/fabric/orderer/consensus/etcdraft/chain.go:1074.18,1076.10 2 161
github.com/hyperledger/fabric/orderer/consensus/etcdraft/chain.go:1081.53,1083.16 2 135
github.com/hyperledger/fabric/orderer/consensus/etcdraft/chain.go:1087.2,1087.108 1 135
github.com/hyperledger/fabric/orderer/consensus/etcdraft/chain.go:1083.16,1085.3 1 0
github.com/hyperledger/fabric/orderer/consensus/etcdraft/chain.go:1090.39,1097.16 5 195
github.com/hyperledger/fabric/orderer/consensus/etcdraft/chain.go:1101.2,1102.12 2 195
github.com/hyperledger/fabric/orderer/consensus/etcdraft/chain.go:1097.16,1099.3 1 0
github.com/hyperledger/fabric/orderer/consensus/etcdraft/chain.go:1105.61,1110.51 4 195
github.com/hyperledger/fabric/orderer/consensus/etcdraft/chain.go:1130.2,1130.19 1 195
github.com/hyperledger/fabric/orderer/consensus/etcdraft/chain.go:1110.51,1112.25 1 490
github.com/hyperledger/fabric/orderer/consensus/etcdraft/chain.go:1115.3,1116.17 2 299
github.com/hyperledger/fabric/orderer/consensus/etcdraft/chain.go:1119.3,1120.17 2 299
github.com/hyperledger/fabric/orderer/consensus/etcdraft/chain.go:1123.3,1128.5 1 299
github.com/hyperledger/fabric/orderer/consensus/etcdraft/chain.go:1112.25,1113.12 1 191
github.com/hyperledger/fabric/orderer/consensus/etcdraft/chain.go:1116.17,1118.4 1 0
github.com/hyperledger/fabric/orderer/consensus/etcdraft/chain.go:1120.17,1122.4 1 0
github.com/hyperledger/fabric/orderer/consensus/etcdraft/chain.go:1133.107,1135.15 2 604
github.com/hyperledger/fabric/orderer/consensus/etcdraft/chain.go:1139.2,1139.22 1 604
github.com/hyperledger/fabric/orderer/consensus/etcdraft/chain.go:1135.15,1138.3 2 0
github.com/hyperledger/fabric/orderer/consensus/etcdraft/chain.go:1145.69,1147.16 2 54
github.com/hyperledger/fabric/orderer/consensus/etcdraft/chain.go:1151.2,1153.37 2 54
github.com/hyperledger/fabric/orderer/consensus/etcdraft/chain.go:1147.16,1149.3 1 0
github.com/hyperledger/fabric/orderer/consensus/etcdraft/chain.go:1154.32,1159.30 4 48
github.com/hyperledger/fabric/orderer/consensus/etcdraft/chain.go:1163.3,1170.30 4 48
github.com/hyperledger/fabric/orderer/consensus/etcdraft/chain.go:1175.3,1175.41 1 38
github.com/hyperledger/fabric/orderer/consensus/etcdraft/chain.go:1216.45,1223.39 5 6
github.com/hyperledger/fabric/orderer/consensus/etcdraft/chain.go:1225.10,1226.96 1 0
github.com/hyperledger/fabric/orderer/consensus/etcdraft/chain.go:1159.30,1162.4 2 38
github.com/hyperledger/fabric/orderer/consensus/etcdraft/chain.go:1170.30,1172.4 1 10
github.com/hyperledger/fabric/orderer/consensus/etcdraft/chain.go:1175.41,1179.14 1 25
github.com/hyperledger/fabric/orderer/consensus/etcdraft/chain.go:1187.4,1189.44 2 25
github.com/hyperledger/fabric/orderer/consensus/etcdraft/chain.go:1198.4,1198.27 1 25
github.com/hyperledger/fabric/orderer/consensus/etcdraft/chain.go:1179.14,1182.98 1 25
github.com/hyperledger/fabric/orderer/consensus/etcdraft/chain.go:1182.98,1184.6 1 0
github.com/hyperledger/fabric/orderer/consensus/etcdraft/chain.go:1190.34,1191.159 1 13
github.com/hyperledger/fabric/orderer/consensus/etcdraft/chain.go:1192.37,1193.162 1 12
github.com/hyperledger/fabric/orderer/consensus/etcdraft/chain.go:1194.12,1195.84 1 0
github.com/hyperledger/fabric/orderer/consensus/etcdraft/chain.go:1199.9,1199.40 1 13
github.com/hyperledger/fabric/orderer/consensus/etcdraft/chain.go:1199.40,1201.44 2 12
github.com/hyperledger/fabric/orderer/consensus/etcdraft/chain.go:1201.44,1203.15 2 8
github.com/hyperledger/fabric/orderer/consensus/etcdraft/chain.go:1203.15,1205.46 2 8
github.com/hyperledger/fabric/orderer/consensus/etcdraft/chain.go:1205.46,1207.7 1 0
github.com/hyperledger/fabric/orderer/consensus/etcdraft/chain.go:1209.10,1210.45 1 4
github.com/hyperledger/fabric/orderer/consensus/etcdraft/chain.go:1210.45,1212.6 1 0
github.com/hyperledger/fabric/orderer/consensus/etcdraft/chain.go:1233.60,1234.35 1 99
github.com/hyperledger/fabric/orderer/consensus/etcdraft/chain.go:1238.2,1238.36 1 95
github.com/hyperledger/fabric/orderer/consensus/etcdraft/chain.go:1242.2,1242.43 1 12
github.com/hyperledger/fabric/orderer/consensus/etcdraft/chain.go:1247.2,1249.68 2 6
github.com/hyperledger/fabric/orderer/consensus/etcdraft/chain.go:1258.2,1258.52 1 0
github.com/hyperledger/fabric/orderer/consensus/etcdraft/chain.go:1234.35,1236.3 1 4
github.com/hyperledger/fabric/orderer/consensus/etcdraft/chain.go:1238.36,1240.3 1 83
github.com/hyperledger/fabric/orderer/consensus/etcdraft/chain.go:1242.43,1244.3 1 6
github.com/hyperledger/fabric/orderer/consensus/etcdraft/chain.go:1249.68,1256.3 1 6
github.com/hyperledger/fabric/orderer/consensus/etcdraft/chain.go:1262.81,1264.16 2 48
github.com/hyperledger/fabric/orderer/consensus/etcdraft/chain.go:1267.2,1267.17 1 48
github.com/hyperledger/fabric/orderer/consensus/etcdraft/chain.go:1264.16,1266.3 1 0
github.com/hyperledger/fabric/orderer/consensus/etcdraft/chain.go:1272.109,1274.29 1 18
github.com/hyperledger/fabric/orderer/consensus/etcdraft/chain.go:1277.2,1277.29 1 17
github.com/hyperledger/fabric/orderer/consensus/etcdraft/chain.go:1281.2,1282.71 2 16
github.com/hyperledger/fabric/orderer/consensus/etcdraft/chain.go:1285.2,1286.71 2 15
github.com/hyperledger/fabric/orderer/consensus/etcdraft/chain.go:1290.2,1291.16 2 14
github.com/hyperledger/fabric/orderer/consensus/etcdraft/chain.go:1295.2,1295.16 1 11
github.com/hyperledger/fabric/orderer/consensus/etcdraft/chain.go:1307.2,1310.16 4 8
github.com/hyperledger/fabric/orderer/consensus/etcdraft/chain.go:1314.2,1315.44 2 6
github.com/hyperledger/fabric/orderer/consensus/etcdraft/chain.go:1319.2,1319.12 1 5
github.com/hyperledger/fabric/orderer/consensus/etcdraft/chain.go:1274.29,1276.3 1 1
github.com/hyperledger/fabric/orderer/consensus/etcdraft/chain.go:1277.29,1279.3 1 1
github.com/hyperledger/fabric/orderer/consensus/etcdraft/chain.go:1282.71,1284.3 1 1
github.com/hyperledger/fabric/orderer/consensus/etcdraft/chain.go:1286.71,1288.3 1 1
github.com/hyperledger/fabric/orderer/consensus/etcdraft/chain.go:1291.16,1293.3 1 3
github.com/hyperledger/fabric/orderer/consensus/etcdraft/chain.go:1295.16,1298.44 2 3
github.com/hyperledger/fabric/orderer/consensus/etcdraft/chain.go:1303.3,1303.13 1 2
github.com/hyperledger/fabric/orderer/consensus/etcdraft/chain.go:1298.44,1299.56 1 8
github.com/hyperledger/fabric/orderer/consensus/etcdraft/chain.go:1299.56,1301.5 1 1
github.com/hyperledger/fabric/orderer/consensus/etcdraft/chain.go:1310.16,1312.3 1 2
github.com/hyperledger/fabric/orderer/consensus/etcdraft/chain.go:1315.44,1317.3 1 1
github.com/hyperledger/fabric/orderer/consensus/etcdraft/chain.go:1322.40,1323.26 1 461
github.com/hyperledger/fabric/orderer/consensus/etcdraft/chain.go:1327.2,1327.59 1 300
github.com/hyperledger/fabric/orderer/consensus/etcdraft/chain.go:1323.26,1325.3 1 161
github.com/hyperledger/fabric/orderer/consensus/etcdraft/chain.go:1330.59,1344.16 2 163
github.com/hyperledger/fabric/orderer/consensus/etcdraft/chain.go:1344.16,1346.4 1 0
github.com/hyperledger/fabric/orderer/consensus/etcdraft/chain.go:1350.53,1351.9 1 0
github.com/hyperledger/fabric/orderer/consensus/etcdraft/chain.go:1352.21,1352.21 0 0
github.com/hyperledger/fabric/orderer/consensus/etcdraft/chain.go:1353.17,1353.17 0 0
github.com/hyperledger/fabric/orderer/consensus/etcdraft/consenter.go:78.65,79.31 1 3
github.com/hyperledger/fabric/orderer/consensus/etcdraft/consenter.go:80.33,81.21 1 1
github.com/hyperledger/fabric/orderer/consensus/etcdraft/consenter.go:82.30,83.21 1 1
github.com/hyperledger/fabric/orderer/consensus/etcdraft/consenter.go:84.10,85.12 1 1
github.com/hyperledger/fabric/orderer/consensus/etcdraft/consenter.go:91.71,93.15 2 4
github.com/hyperledger/fabric/orderer/consensus/etcdraft/consenter.go:96.2,96.21 1 3
github.com/hyperledger/fabric/orderer/consensus/etcdraft/consenter.go:99.2,99.74 1 2
github.com/hyperledger/fabric/orderer/consensus/etcdraft/consenter.go:102.2,103.12 2 1
github.com/hyperledger/fabric/orderer/consensus/etcdraft/consenter.go:93.15,95.3 1 1
github.com/hyperledger/fabric/orderer/consensus/etcdraft/consenter.go:96.21,98.3 1 1
github.com/hyperledger/fabric/orderer/consensus/etcdraft/consenter.go:99.74,101.3 1 1
github.com/hyperledger/fabric/orderer/consensus/etcdraft/consenter.go:106.93,108.16 2 3
github.com/hyperledger/fabric/orderer/consensus/etcdraft/consenter.go:112.2,113.38 2 3
github.com/hyperledger/fabric/orderer/consensus/etcdraft/consenter.go:126.2,127.35 2 1
github.com/hyperledger/fabric/orderer/consensus/etcdraft/consenter.go:108.16,110.3 1 0
github.com/hyperledger/fabric/orderer/consensus/etcdraft/consenter.go:113.38,117.17 3 3
github.com/hyperledger/fabric/orderer/consensus/etcdraft/consenter.go:121.3,121.48 1 3
github.com/hyperledger/fabric/orderer/consensus/etcdraft/consenter.go:117.17,119.4 1 0
github.com/hyperledger/fabric/orderer/consensus/etcdraft/consenter.go:121.48,123.4 1 2
github.com/hyperledger/fabric/orderer/consensus/etcdraft/consenter.go:131.121,133.87 2 4
github.com/hyperledger/fabric/orderer/consensus/etcdraft/consenter.go:137.2,137.22 1 4
github.com/hyperledger/fabric/orderer/consensus/etcdraft/consenter.go:141.2,142.17 2 3
github.com/hyperledger/fabric/orderer/consensus/etcdraft/consenter.go:152.2,153.16 2 3
github.com/hyperledger/fabric/orderer/consensus/etcdraft/consenter.go:157.2,160.16 3 3
github.com/hyperledger/fabric/orderer/consensus/etcdraft/consenter.go:167.2,168.46 2 2
github.com/hyperledger/fabric/orderer/consensus/etcdraft/consenter.go:178.2,179.16 2 2
github.com/hyperledger/fabric/orderer/consensus/etcdraft/consenter.go:183.2,221.31 3 1
github.com/hyperledger/fabric/orderer/consensus/etcdraft/consenter.go:133.87,135.3 1 0
github.com/hyperledger/fabric/orderer/consensus/etcdraft/consenter.go:137.22,139.3 1 1
github.com/hyperledger/fabric/orderer/consensus/etcdraft/consenter.go:142.17,144.3 1 0
github.com/hyperledger/fabric/orderer/consensus/etcdraft/consenter.go:153.16,155.3 1 0
github.com/hyperledger/fabric/orderer/consensus/etcdraft/consenter.go:160.16,161.84 1 1
github.com/hyperledger/fabric/orderer/consensus/etcdraft/consenter.go:164.3,164.107 1 1
github.com/hyperledger/fabric/orderer/consensus/etcdraft/consenter.go:161.84,163.4 1 0
github.com/hyperledger/fabric/orderer/consensus/etcdraft/consenter.go:168.46,171.3 2 2
github.com/hyperledger/fabric/orderer/consensus/etcdraft/consenter.go:171.8,173.17 2 0
github.com/hyperledger/fabric/orderer/consensus/etcdraft/consenter.go:173.17,175.4 1 0
github.com/hyperledger/fabric/orderer/consensus/etcdraft/consenter.go:179.16,181.3 1 1
github.com/hyperledger/fabric/orderer/consensus/etcdraft/consenter.go:221.31,223.4 1 0
github.com/hyperledger/fabric/orderer/consensus/etcdraft/consenter.go:224.10,225.72 1 0
github.com/hyperledger/fabric/orderer/consensus/etcdraft/consenter.go:225.72,225.110 1 0
github.com/hyperledger/fabric/orderer/consensus/etcdraft/consenter.go:233.130,234.59 1 15
github.com/hyperledger/fabric/orderer/consensus/etcdraft/consenter.go:242.2,247.32 2 11
github.com/hyperledger/fabric/orderer/consensus/etcdraft/consenter.go:252.2,252.15 1 11
github.com/hyperledger/fabric/orderer/consensus/etcdraft/consenter.go:234.59,236.65 2 4
github.com/hyperledger/fabric/orderer/consensus/etcdraft/consenter.go:239.3,239.16 1 4
github.com/hyperledger/fabric/orderer/consensus/etcdraft/consenter.go:236.65,238.4 1 0
github.com/hyperledger/fabric/orderer/consensus/etcdraft/consenter.go:247.32,250.3 2 27
github.com/hyperledger/fabric/orderer/consensus/etcdraft/consenter.go:265.14,270.16 4 1
github.com/hyperledger/fabric/orderer/consensus/etcdraft/consenter.go:274.2,304.18 7 1
github.com/hyperledger/fabric/orderer/consensus/etcdraft/consenter.go:270.16,272.3 1 0
github.com/hyperledger/fabric/orderer/consensus/etcdraft/consenter.go:307.133,322.2 4 1
github.com/hyperledger/fabric/orderer/consensus/etcdraft/disseminator.go:24.88,28.43 3 1698
github.com/hyperledger/fabric/orderer/consensus/etcdraft/disseminator.go:33.2,33.39 1 1698
github.com/hyperledger/fabric/orderer/consensus/etcdraft/disseminator.go:28.43,31.3 2 30
github.com/hyperledger/fabric/orderer/consensus/etcdraft/disseminator.go:36.49,42.2 4 181
github.com/hyperledger/fabric/orderer/consensus/etcdraft/membership.go:21.84,23.36 2 52
github.com/hyperledger/fabric/orderer/consensus/etcdraft/membership.go:26.2,26.12 1 52
github.com/hyperledger/fabric/orderer/consensus/etcdraft/membership.go:23.36,25.3 1 140
github.com/hyperledger/fabric/orderer/consensus/etcdraft/membership.go:42.186,54.34 5 52
github.com/hyperledger/fabric/orderer/consensus/etcdraft/membership.go:64.2,66.39 3 52
github.com/hyperledger/fabric/orderer/consensus/etcdraft/membership.go:73.2,73.9 1 52
github.com/hyperledger/fabric/orderer/consensus/etcdraft/membership.go:105.2,105.20 1 48
github.com/hyperledger/fabric/orderer/consensus/etcdraft/membership.go:54.34,55.78 1 140
github.com/hyperledger/fabric/orderer/consensus/etcdraft/membership.go:60.3,61.51 2 34
github.com/hyperledger/fabric/orderer/consensus/etcdraft/membership.go:55.78,58.12 3 106
github.com/hyperledger/fabric/orderer/consensus/etcdraft/membership.go:66.39,67.70 1 140
github.com/hyperledger/fabric/orderer/consensus/etcdraft/membership.go:67.70,70.4 2 34
github.com/hyperledger/fabric/orderer/consensus/etcdraft/membership.go:74.68,79.61 3 14
github.com/hyperledger/fabric/orderer/consensus/etcdraft/membership.go:80.68,89.4 5 15
github.com/hyperledger/fabric/orderer/consensus/etcdraft/membership.go:90.68,97.39 3 16
github.com/hyperledger/fabric/orderer/consensus/etcdraft/membership.go:98.68,98.68 0 3
github.com/hyperledger/fabric/orderer/consensus/etcdraft/membership.go:100.10,102.123 1 4
github.com/hyperledger/fabric/orderer/consensus/etcdraft/membership.go:109.46,111.2 1 4
github.com/hyperledger/fabric/orderer/consensus/etcdraft/membership.go:114.45,116.2 1 4
github.com/hyperledger/fabric/orderer/consensus/etcdraft/membership.go:119.45,121.2 1 55
github.com/hyperledger/fabric/orderer/consensus/etcdraft/membership.go:126.75,128.27 2 17
github.com/hyperledger/fabric/orderer/consensus/etcdraft/membership.go:132.2,135.9 3 17
github.com/hyperledger/fabric/orderer/consensus/etcdraft/membership.go:128.27,130.3 1 37
github.com/hyperledger/fabric/orderer/consensus/etcdraft/membership.go:136.78,137.39 1 5
github.com/hyperledger/fabric/orderer/consensus/etcdraft/membership.go:139.35,141.42 2 5
github.com/hyperledger/fabric/orderer/consensus/etcdraft/membership.go:143.81,145.33 2 6
github.com/hyperledger/fabric/orderer/consensus/etcdraft/membership.go:147.10,148.15 1 1
github.com/hyperledger/fabric/orderer/consensus/etcdraft/node.go:53.40,58.11 4 163
github.com/hyperledger/fabric/orderer/consensus/etcdraft/node.go:79.2,81.20 2 163
github.com/hyperledger/fabric/orderer/consensus/etcdraft/node.go:58.11,59.11 1 154
github.com/hyperledger/fabric/orderer/consensus/etcdraft/node.go:73.3,73.47 1 154
github.com/hyperledger/fabric/orderer/consensus/etcdraft/node.go:59.11,62.4 2 4
github.com/hyperledger/fabric/orderer/consensus/etcdraft/node.go:62.9,69.54 4 150
github.com/hyperledger/fabric/orderer/consensus/etcdraft/node.go:69.54,71.5 1 75
github.com/hyperledger/fabric/orderer/consensus/etcdraft/node.go:74.8,77.3 2 9
github.com/hyperledger/fabric/orderer/consensus/etcdraft/node.go:84.35,90.53 4 163
github.com/hyperledger/fabric/orderer/consensus/etcdraft/node.go:94.2,95.14 2 163
github.com/hyperledger/fabric/orderer/consensus/etcdraft/node.go:122.2,124.6 2 163
github.com/hyperledger/fabric/orderer/consensus/etcdraft/node.go:90.53,92.3 1 5
github.com/hyperledger/fabric/orderer/consensus/etcdraft/node.go:95.14,97.13 2 75
github.com/hyperledger/fabric/orderer/consensus/etcdraft/node.go:97.13,109.8 3 75
github.com/hyperledger/fabric/orderer/consensus/etcdraft/node.go:109.8,110.12 1 77
github.com/hyperledger/fabric/orderer/consensus/etcdraft/node.go:111.31,112.32 1 2
github.com/hyperledger/fabric/orderer/consensus/etcdraft/node.go:113.20,114.12 1 72
github.com/hyperledger/fabric/orderer/consensus/etcdraft/node.go:115.26,116.12 1 3
github.com/hyperledger/fabric/orderer/consensus/etcdraft/node.go:124.6,125.10 1 1967
github.com/hyperledger/fabric/orderer/consensus/etcdraft/node.go:126.25,132.28 3 235
github.com/hyperledger/fabric/orderer/consensus/etcdraft/node.go:134.26,136.81 2 1554
github.com/hyperledger/fabric/orderer/consensus/etcdraft/node.go:139.4,141.38 3 1554
github.com/hyperledger/fabric/orderer/consensus/etcdraft/node.go:145.4,145.38 1 1554
github.com/hyperledger/fabric/orderer/consensus/etcdraft/node.go:149.4,149.57 1 1554
github.com/hyperledger/fabric/orderer/consensus/etcdraft/node.go:161.4,161.60 1 1554
github.com/hyperledger/fabric/orderer/consensus/etcdraft/node.go:165.4,165.39 1 1554
github.com/hyperledger/fabric/orderer/consensus/etcdraft/node.go:174.4,178.23 2 1554
github.com/hyperledger/fabric/orderer/consensus/etcdraft/node.go:180.46,180.46 0 15
github.com/hyperledger/fabric/orderer/consensus/etcdraft/node.go:182.24,188.10 6 161
github.com/hyperledger/fabric/orderer/consensus/etcdraft/node.go:136.81,138.5 1 0
github.com/hyperledger/fabric/orderer/consensus/etcdraft/node.go:141.38,143.5 1 0
github.com/hyperledger/fabric/orderer/consensus/etcdraft/node.go:145.38,147.5 1 6
github.com/hyperledger/fabric/orderer/consensus/etcdraft/node.go:149.57,150.67 1 15
github.com/hyperledger/fabric/orderer/consensus/etcdraft/node.go:150.67,151.13 1 9
github.com/hyperledger/fabric/orderer/consensus/etcdraft/node.go:156.6,156.31 1 9
github.com/hyperledger/fabric/orderer/consensus/etcdraft/node.go:152.36,152.36 0 9
github.com/hyperledger/fabric/orderer/consensus/etcdraft/node.go:153.14,153.14 0 0
github.com/hyperledger/fabric/orderer/consensus/etcdraft/node.go:161.60,163.5 1 862
github.com/hyperledger/fabric/orderer/consensus/etcdraft/node.go:165.39,167.28 2 74
github.com/hyperledger/fabric/orderer/consensus/etcdraft/node.go:167.28,171.6 3 72
github.com/hyperledger/fabric/orderer/consensus/etcdraft/node.go:193.44,197.27 3 1554
github.com/hyperledger/fabric/orderer/consensus/etcdraft/node.go:197.27,198.18 1 1698
github.com/hyperledger/fabric/orderer/consensus/etcdraft/node.go:202.3,206.17 4 1698
github.com/hyperledger/fabric/orderer/consensus/etcdraft/node.go:216.3,216.33 1 1698
github.com/hyperledger/fabric/orderer/consensus/etcdraft/node.go:198.18,199.12 1 0
github.com/hyperledger/fabric/orderer/consensus/etcdraft/node.go:206.17,211.4 3 216
github.com/hyperledger/fabric/orderer/consensus/etcdraft/node.go:211.9,211.48 1 1482
github.com/hyperledger/fabric/orderer/consensus/etcdraft/node.go:211.48,214.4 2 29
github.com/hyperledger/fabric/orderer/consensus/etcdraft/node.go:216.33,218.4 1 6
github.com/hyperledger/fabric/orderer/consensus/etcdraft/node.go:226.51,229.60 2 15
github.com/hyperledger/fabric/orderer/consensus/etcdraft/node.go:235.2,236.9 2 15
github.com/hyperledger/fabric/orderer/consensus/etcdraft/node.go:243.2,243.42 1 15
github.com/hyperledger/fabric/orderer/consensus/etcdraft/node.go:267.2,270.9 3 15
github.com/hyperledger/fabric/orderer/consensus/etcdraft/node.go:229.60,232.3 2 0
github.com/hyperledger/fabric/orderer/consensus/etcdraft/node.go:237.32,237.32 0 15
github.com/hyperledger/fabric/orderer/consensus/etcdraft/node.go:238.23,239.9 1 0
github.com/hyperledger/fabric/orderer/consensus/etcdraft/node.go:243.42,245.39 2 6
github.com/hyperledger/fabric/orderer/consensus/etcdraft/node.go:258.3,258.30 1 6
github.com/hyperledger/fabric/orderer/consensus/etcdraft/node.go:263.3,264.62 2 6
github.com/hyperledger/fabric/orderer/consensus/etcdraft/node.go:245.39,246.23 1 8
github.com/hyperledger/fabric/orderer/consensus/etcdraft/node.go:250.4,250.37 1 6
github.com/hyperledger/fabric/orderer/consensus/etcdraft/node.go:255.4,255.106 1 0
github.com/hyperledger/fabric/orderer/consensus/etcdraft/node.go:246.23,247.13 1 2
github.com/hyperledger/fabric/orderer/consensus/etcdraft/node.go:250.37,252.10 2 6
github.com/hyperledger/fabric/orderer/consensus/etcdraft/node.go:258.30,261.4 2 0
github.com/hyperledger/fabric/orderer/consensus/etcdraft/node.go:271.19,272.43 1 7
github.com/hyperledger/fabric/orderer/consensus/etcdraft/node.go:273.22,274.78 1 8
github.com/hyperledger/fabric/orderer/consensus/etcdraft/node.go:275.23,275.23 0 0
github.com/hyperledger/fabric/orderer/consensus/etcdraft/node.go:279.55,280.38 1 216
github.com/hyperledger/fabric/orderer/consensus/etcdraft/node.go:285.2,286.34 2 60
github.com/hyperledger/fabric/orderer/consensus/etcdraft/node.go:280.38,283.3 2 156
github.com/hyperledger/fabric/orderer/consensus/etcdraft/node.go:289.77,290.64 1 54
github.com/hyperledger/fabric/orderer/consensus/etcdraft/node.go:290.64,292.3 1 0
github.com/hyperledger/fabric/orderer/consensus/etcdraft/node.go:295.35,298.2 2 160
