mode: atomic
github.com/hyperledger/fabric/orderer/consensus/hbbft/chain.go:136.19,141.14 3 11
github.com/hyperledger/fabric/orderer/consensus/hbbft/chain.go:145.2,170.15 6 11
github.com/hyperledger/fabric/orderer/consensus/hbbft/chain.go:141.14,143.3 1 0
github.com/hyperledger/fabric/orderer/consensus/hbbft/chain.go:174.25,177.42 3 11
github.com/hyperledger/fabric/orderer/consensus/hbbft/chain.go:183.2,184.36 2 11
github.com/hyperledger/fabric/orderer/consensus/hbbft/chain.go:188.2,200.17 6 11
github.com/hyperledger/fabric/orderer/consensus/hbbft/chain.go:177.42,181.3 3 0
github.com/hyperledger/fabric/orderer/consensus/hbbft/chain.go:184.36,187.3 2 0
github.com/hyperledger/fabric/orderer/consensus/hbbft/chain.go:205.69,208.2 1 17
github.com/hyperledger/fabric/orderer/consensus/hbbft/chain.go:211.73,215.2 2 4
github.com/hyperledger/fabric/orderer/consensus/hbbft/chain.go:223.35,224.38 1 0
github.com/hyperledger/fabric/orderer/consensus/hbbft/chain.go:228.2,228.9 1 0
github.com/hyperledger/fabric/orderer/consensus/hbbft/chain.go:235.2,235.12 1 0
github.com/hyperledger/fabric/orderer/consensus/hbbft/chain.go:224.38,226.3 1 0
github.com/hyperledger/fabric/orderer/consensus/hbbft/chain.go:230.24,230.24 0 0
github.com/hyperledger/fabric/orderer/consensus/hbbft/chain.go:231.17,232.43 1 0
github.com/hyperledger/fabric/orderer/consensus/hbbft/chain.go:239.43,243.2 3 28
github.com/hyperledger/fabric/orderer/consensus/hbbft/chain.go:247.24,248.9 1 19
github.com/hyperledger/fabric/orderer/consensus/hbbft/chain.go:255.2,255.9 1 19
github.com/hyperledger/fabric/orderer/consensus/hbbft/chain.go:249.18,249.18 0 19
github.com/hyperledger/fabric/orderer/consensus/hbbft/chain.go:250.10,252.9 2 0
github.com/hyperledger/fabric/orderer/consensus/hbbft/chain.go:257.17,258.9 1 9
github.com/hyperledger/fabric/orderer/consensus/hbbft/chain.go:259.10,262.28 2 10
github.com/hyperledger/fabric/orderer/consensus/hbbft/chain.go:262.28,264.4 1 0
github.com/hyperledger/fabric/orderer/consensus/hbbft/chain.go:269.35,270.9 1 777
github.com/hyperledger/fabric/orderer/consensus/hbbft/chain.go:276.2,276.9 1 777
github.com/hyperledger/fabric/orderer/consensus/hbbft/chain.go:282.2,282.12 1 776
github.com/hyperledger/fabric/orderer/consensus/hbbft/chain.go:271.18,271.18 0 777
github.com/hyperledger/fabric/orderer/consensus/hbbft/chain.go:272.10,273.47 1 0
github.com/hyperledger/fabric/orderer/consensus/hbbft/chain.go:277.17,278.43 1 1
github.com/hyperledger/fabric/orderer/consensus/hbbft/chain.go:279.10,279.10 0 776
github.com/hyperledger/fabric/orderer/consensus/hbbft/chain.go:288.79,290.38 1 756
github.com/hyperledger/fabric/orderer/consensus/hbbft/chain.go:294.2,295.62 2 756
github.com/hyperledger/fabric/orderer/consensus/hbbft/chain.go:300.2,302.12 2 756
github.com/hyperledger/fabric/orderer/consensus/hbbft/chain.go:290.38,292.3 1 0
github.com/hyperledger/fabric/orderer/consensus/hbbft/chain.go:295.62,297.3 1 0
github.com/hyperledger/fabric/orderer/consensus/hbbft/chain.go:309.73,310.38 1 21
github.com/hyperledger/fabric/orderer/consensus/hbbft/chain.go:315.2,315.9 1 20
github.com/hyperledger/fabric/orderer/consensus/hbbft/chain.go:321.2,321.12 1 20
github.com/hyperledger/fabric/orderer/consensus/hbbft/chain.go:310.38,312.3 1 1
github.com/hyperledger/fabric/orderer/consensus/hbbft/chain.go:316.33,316.33 0 20
github.com/hyperledger/fabric/orderer/consensus/hbbft/chain.go:317.17,318.43 1 0
github.com/hyperledger/fabric/orderer/consensus/hbbft/chain.go:324.24,325.6 1 11
github.com/hyperledger/fabric/orderer/consensus/hbbft/chain.go:325.6,326.10 1 1019
github.com/hyperledger/fabric/orderer/consensus/hbbft/chain.go:327.37,329.34 2 1008
github.com/hyperledger/fabric/orderer/consensus/hbbft/chain.go:333.4,334.18 2 1008
github.com/hyperledger/fabric/orderer/consensus/hbbft/chain.go:338.4,338.104 1 1008
github.com/hyperledger/fabric/orderer/consensus/hbbft/chain.go:339.18,340.10 1 10
github.com/hyperledger/fabric/orderer/consensus/hbbft/chain.go:329.34,331.5 1 252
github.com/hyperledger/fabric/orderer/consensus/hbbft/chain.go:334.18,335.13 1 0
github.com/hyperledger/fabric/orderer/consensus/hbbft/chain.go:345.30,346.6 1 11
github.com/hyperledger/fabric/orderer/consensus/hbbft/chain.go:346.6,347.10 1 31
github.com/hyperledger/fabric/orderer/consensus/hbbft/chain.go:348.39,350.18 2 20
github.com/hyperledger/fabric/orderer/consensus/hbbft/chain.go:354.4,354.31 1 20
github.com/hyperledger/fabric/orderer/consensus/hbbft/chain.go:356.18,357.10 1 10
github.com/hyperledger/fabric/orderer/consensus/hbbft/chain.go:350.18,352.13 2 0
github.com/hyperledger/fabric/orderer/consensus/hbbft/chain.go:361.23,368.6 1 11
github.com/hyperledger/fabric/orderer/consensus/hbbft/chain.go:368.6,369.10 1 31
github.com/hyperledger/fabric/orderer/consensus/hbbft/chain.go:370.25,371.16 1 20
github.com/hyperledger/fabric/orderer/consensus/hbbft/chain.go:375.4,378.31 4 20
github.com/hyperledger/fabric/orderer/consensus/hbbft/chain.go:393.4,393.35 1 16
github.com/hyperledger/fabric/orderer/consensus/hbbft/chain.go:399.4,399.38 1 16
github.com/hyperledger/fabric/orderer/consensus/hbbft/chain.go:401.18,402.11 1 10
github.com/hyperledger/fabric/orderer/consensus/hbbft/chain.go:408.4,410.10 2 10
github.com/hyperledger/fabric/orderer/consensus/hbbft/chain.go:371.16,373.13 1 0
github.com/hyperledger/fabric/orderer/consensus/hbbft/chain.go:378.31,380.36 1 4
github.com/hyperledger/fabric/orderer/consensus/hbbft/chain.go:387.5,389.13 3 4
github.com/hyperledger/fabric/orderer/consensus/hbbft/chain.go:380.36,383.20 3 0
github.com/hyperledger/fabric/orderer/consensus/hbbft/chain.go:383.20,384.15 1 0
github.com/hyperledger/fabric/orderer/consensus/hbbft/chain.go:393.35,395.70 2 0
github.com/hyperledger/fabric/orderer/consensus/hbbft/chain.go:395.70,396.14 1 0
github.com/hyperledger/fabric/orderer/consensus/hbbft/chain.go:403.20,403.20 0 0
github.com/hyperledger/fabric/orderer/consensus/hbbft/chain.go:404.12,405.20 1 10
github.com/hyperledger/fabric/orderer/consensus/hbbft/chain.go:415.63,417.55 2 20
github.com/hyperledger/fabric/orderer/consensus/hbbft/chain.go:424.2,428.36 3 20
github.com/hyperledger/fabric/orderer/consensus/hbbft/chain.go:434.2,439.32 5 16
github.com/hyperledger/fabric/orderer/consensus/hbbft/chain.go:417.55,419.3 1 0
github.com/hyperledger/fabric/orderer/consensus/hbbft/chain.go:419.8,419.62 1 20
github.com/hyperledger/fabric/orderer/consensus/hbbft/chain.go:419.62,422.3 2 0
github.com/hyperledger/fabric/orderer/consensus/hbbft/chain.go:428.36,432.3 2 4
github.com/hyperledger/fabric/orderer/consensus/hbbft/chain.go:449.109,452.29 1 20
github.com/hyperledger/fabric/orderer/consensus/hbbft/chain.go:463.2,464.30 2 16
github.com/hyperledger/fabric/orderer/consensus/hbbft/chain.go:452.29,456.22 4 4
github.com/hyperledger/fabric/orderer/consensus/hbbft/chain.go:459.3,460.29 2 4
github.com/hyperledger/fabric/orderer/consensus/hbbft/chain.go:456.22,458.4 1 0
github.com/hyperledger/fabric/orderer/consensus/hbbft/chain.go:469.74,470.32 1 20
github.com/hyperledger/fabric/orderer/consensus/hbbft/chain.go:477.2,477.8 1 20
github.com/hyperledger/fabric/orderer/consensus/hbbft/chain.go:470.32,475.3 3 20
github.com/hyperledger/fabric/orderer/consensus/hbbft/chain.go:480.53,482.16 2 44
github.com/hyperledger/fabric/orderer/consensus/hbbft/chain.go:486.2,486.108 1 44
github.com/hyperledger/fabric/orderer/consensus/hbbft/chain.go:482.16,484.3 1 0
github.com/hyperledger/fabric/orderer/consensus/hbbft/chain.go:489.39,497.16 2 11
github.com/hyperledger/fabric/orderer/consensus/hbbft/chain.go:501.2,502.12 2 11
github.com/hyperledger/fabric/orderer/consensus/hbbft/chain.go:497.16,499.3 1 0
github.com/hyperledger/fabric/orderer/consensus/hbbft/chain.go:505.61,510.51 4 11
github.com/hyperledger/fabric/orderer/consensus/hbbft/chain.go:530.2,530.19 1 11
github.com/hyperledger/fabric/orderer/consensus/hbbft/chain.go:510.51,512.25 1 35
github.com/hyperledger/fabric/orderer/consensus/hbbft/chain.go:515.3,516.17 2 24
github.com/hyperledger/fabric/orderer/consensus/hbbft/chain.go:519.3,520.17 2 24
github.com/hyperledger/fabric/orderer/consensus/hbbft/chain.go:523.3,528.5 1 24
github.com/hyperledger/fabric/orderer/consensus/hbbft/chain.go:512.25,513.12 1 11
github.com/hyperledger/fabric/orderer/consensus/hbbft/chain.go:516.17,518.4 1 0
github.com/hyperledger/fabric/orderer/consensus/hbbft/chain.go:520.17,522.4 1 0
github.com/hyperledger/fabric/orderer/consensus/hbbft/chain.go:533.107,535.15 2 52
github.com/hyperledger/fabric/orderer/consensus/hbbft/chain.go:539.2,539.22 1 52
github.com/hyperledger/fabric/orderer/consensus/hbbft/chain.go:535.15,538.3 2 0
github.com/hyperledger/fabric/orderer/consensus/hbbft/chain.go:546.69,549.16 3 4
github.com/hyperledger/fabric/orderer/consensus/hbbft/chain.go:553.2,553.37 1 4
github.com/hyperledger/fabric/orderer/consensus/hbbft/chain.go:549.16,551.3 1 0
github.com/hyperledger/fabric/orderer/consensus/hbbft/chain.go:555.32,569.56 2 0
github.com/hyperledger/fabric/orderer/consensus/hbbft/chain.go:617.45,625.39 6 4
github.com/hyperledger/fabric/orderer/consensus/hbbft/chain.go:627.10,628.96 1 0
github.com/hyperledger/fabric/orderer/consensus/hbbft/consenter.go:74.65,75.31 1 3
github.com/hyperledger/fabric/orderer/consensus/hbbft/consenter.go:76.33,77.21 1 1
github.com/hyperledger/fabric/orderer/consensus/hbbft/consenter.go:78.30,79.21 1 1
github.com/hyperledger/fabric/orderer/consensus/hbbft/consenter.go:80.10,81.12 1 1
github.com/hyperledger/fabric/orderer/consensus/hbbft/consenter.go:87.71,89.15 2 4
github.com/hyperledger/fabric/orderer/consensus/hbbft/consenter.go:92.2,92.21 1 3
github.com/hyperledger/fabric/orderer/consensus/hbbft/consenter.go:95.2,95.65 1 2
github.com/hyperledger/fabric/orderer/consensus/hbbft/consenter.go:98.2,99.12 2 1
github.com/hyperledger/fabric/orderer/consensus/hbbft/consenter.go:89.15,91.3 1 1
github.com/hyperledger/fabric/orderer/consensus/hbbft/consenter.go:92.21,94.3 1 1
github.com/hyperledger/fabric/orderer/consensus/hbbft/consenter.go:95.65,97.3 1 1
github.com/hyperledger/fabric/orderer/consensus/hbbft/consenter.go:103.96,105.16 2 2
github.com/hyperledger/fabric/orderer/consensus/hbbft/consenter.go:109.2,110.38 2 2
github.com/hyperledger/fabric/orderer/consensus/hbbft/consenter.go:123.2,124.35 2 1
github.com/hyperledger/fabric/orderer/consensus/hbbft/consenter.go:105.16,107.3 1 0
github.com/hyperledger/fabric/orderer/consensus/hbbft/consenter.go:110.38,114.17 3 2
github.com/hyperledger/fabric/orderer/consensus/hbbft/consenter.go:118.3,118.48 1 2
github.com/hyperledger/fabric/orderer/consensus/hbbft/consenter.go:114.17,116.4 1 0
github.com/hyperledger/fabric/orderer/consensus/hbbft/consenter.go:118.48,120.4 1 1
github.com/hyperledger/fabric/orderer/consensus/hbbft/consenter.go:129.121,131.87 2 3
github.com/hyperledger/fabric/orderer/consensus/hbbft/consenter.go:135.2,135.22 1 3
github.com/hyperledger/fabric/orderer/consensus/hbbft/consenter.go:139.2,140.17 2 2
github.com/hyperledger/fabric/orderer/consensus/hbbft/consenter.go:150.2,151.16 2 2
github.com/hyperledger/fabric/orderer/consensus/hbbft/consenter.go:155.2,158.16 3 2
github.com/hyperledger/fabric/orderer/consensus/hbbft/consenter.go:166.2,205.31 3 1
github.com/hyperledger/fabric/orderer/consensus/hbbft/consenter.go:131.87,133.3 1 0
github.com/hyperledger/fabric/orderer/consensus/hbbft/consenter.go:135.22,137.3 1 1
github.com/hyperledger/fabric/orderer/consensus/hbbft/consenter.go:140.17,142.3 1 0
github.com/hyperledger/fabric/orderer/consensus/hbbft/consenter.go:151.16,153.3 1 0
github.com/hyperledger/fabric/orderer/consensus/hbbft/consenter.go:158.16,160.84 2 1
github.com/hyperledger/fabric/orderer/consensus/hbbft/consenter.go:163.3,163.107 1 1
github.com/hyperledger/fabric/orderer/consensus/hbbft/consenter.go:160.84,162.4 1 0
github.com/hyperledger/fabric/orderer/consensus/hbbft/consenter.go:205.31,207.4 1 0
github.com/hyperledger/fabric/orderer/consensus/hbbft/consenter.go:208.10,209.72 1 0
github.com/hyperledger/fabric/orderer/consensus/hbbft/consenter.go:209.72,209.110 1 0
github.com/hyperledger/fabric/orderer/consensus/hbbft/consenter.go:217.136,218.59 1 2
github.com/hyperledger/fabric/orderer/consensus/hbbft/consenter.go:226.2,231.32 2 2
github.com/hyperledger/fabric/orderer/consensus/hbbft/consenter.go:236.2,236.15 1 2
github.com/hyperledger/fabric/orderer/consensus/hbbft/consenter.go:218.59,220.65 2 0
github.com/hyperledger/fabric/orderer/consensus/hbbft/consenter.go:223.3,223.16 1 0
github.com/hyperledger/fabric/orderer/consensus/hbbft/consenter.go:220.65,222.4 1 0
github.com/hyperledger/fabric/orderer/consensus/hbbft/consenter.go:231.32,234.3 2 2
github.com/hyperledger/fabric/orderer/consensus/hbbft/consenter.go:249.14,289.2 8 0
github.com/hyperledger/fabric/orderer/consensus/hbbft/consenter.go:291.133,306.2 4 0
github.com/hyperledger/fabric/orderer/consensus/hbbft/dispatcher.go:41.106,43.21 2 0
github.com/hyperledger/fabric/orderer/consensus/hbbft/dispatcher.go:47.2,47.44 1 0
github.com/hyperledger/fabric/orderer/consensus/hbbft/dispatcher.go:43.21,46.3 2 0
github.com/hyperledger/fabric/orderer/consensus/hbbft/dispatcher.go:51.100,53.21 2 0
github.com/hyperledger/fabric/orderer/consensus/hbbft/dispatcher.go:57.2,57.41 1 0
github.com/hyperledger/fabric/orderer/consensus/hbbft/dispatcher.go:53.21,56.3 2 0
github.com/hyperledger/fabric/orderer/consensus/hbbft/disseminator.go:25.88,29.43 3 0
github.com/hyperledger/fabric/orderer/consensus/hbbft/disseminator.go:34.2,34.39 1 0
github.com/hyperledger/fabric/orderer/consensus/hbbft/disseminator.go:29.43,32.3 2 0
github.com/hyperledger/fabric/orderer/consensus/hbbft/disseminator.go:38.49,44.2 4 11
github.com/hyperledger/fabric/orderer/consensus/hbbft/membership.go:21.84,23.36 2 0
github.com/hyperledger/fabric/orderer/consensus/hbbft/membership.go:26.2,26.12 1 0
github.com/hyperledger/fabric/orderer/consensus/hbbft/membership.go:23.36,25.3 1 0
github.com/hyperledger/fabric/orderer/consensus/hbbft/membership.go:42.186,54.34 5 0
github.com/hyperledger/fabric/orderer/consensus/hbbft/membership.go:64.2,66.39 3 0
github.com/hyperledger/fabric/orderer/consensus/hbbft/membership.go:73.2,73.9 1 0
github.com/hyperledger/fabric/orderer/consensus/hbbft/membership.go:105.2,105.20 1 0
github.com/hyperledger/fabric/orderer/consensus/hbbft/membership.go:54.34,55.78 1 0
github.com/hyperledger/fabric/orderer/consensus/hbbft/membership.go:60.3,61.51 2 0
github.com/hyperledger/fabric/orderer/consensus/hbbft/membership.go:55.78,58.12 3 0
github.com/hyperledger/fabric/orderer/consensus/hbbft/membership.go:66.39,67.70 1 0
github.com/hyperledger/fabric/orderer/consensus/hbbft/membership.go:67.70,70.4 2 0
github.com/hyperledger/fabric/orderer/consensus/hbbft/membership.go:74.68,79.61 3 0
github.com/hyperledger/fabric/orderer/consensus/hbbft/membership.go:80.68,89.4 5 0
github.com/hyperledger/fabric/orderer/consensus/hbbft/membership.go:90.68,97.39 3 0
github.com/hyperledger/fabric/orderer/consensus/hbbft/membership.go:98.68,98.68 0 0
github.com/hyperledger/fabric/orderer/consensus/hbbft/membership.go:100.10,102.123 1 0
github.com/hyperledger/fabric/orderer/consensus/hbbft/membership.go:109.46,111.2 1 0
github.com/hyperledger/fabric/orderer/consensus/hbbft/membership.go:114.45,116.2 1 0
github.com/hyperledger/fabric/orderer/consensus/hbbft/membership.go:119.45,121.2 1 0
github.com/hyperledger/fabric/orderer/consensus/hbbft/membership.go:126.75,128.27 2 0
github.com/hyperledger/fabric/orderer/consensus/hbbft/membership.go:132.2,135.9 3 0
github.com/hyperledger/fabric/orderer/consensus/hbbft/membership.go:128.27,130.3 1 0
github.com/hyperledger/fabric/orderer/consensus/hbbft/membership.go:136.78,137.39 1 0
github.com/hyperledger/fabric/orderer/consensus/hbbft/membership.go:139.35,141.42 2 0
github.com/hyperledger/fabric/orderer/consensus/hbbft/membership.go:143.81,145.33 2 0
github.com/hyperledger/fabric/orderer/consensus/hbbft/membership.go:147.10,148.15 1 0
github.com/hyperledger/fabric/orderer/consensus/hbbft/util.go:35.42,38.39 2 0
github.com/hyperledger/fabric/orderer/consensus/hbbft/util.go:41.2,41.14 1 0
github.com/hyperledger/fabric/orderer/consensus/hbbft/util.go:38.39,40.3 1 0
github.com/hyperledger/fabric/orderer/consensus/hbbft/util.go:45.76,47.31 2 0
github.com/hyperledger/fabric/orderer/consensus/hbbft/util.go:50.2,50.12 1 0
github.com/hyperledger/fabric/orderer/consensus/hbbft/util.go:47.31,49.3 1 0
github.com/hyperledger/fabric/orderer/consensus/hbbft/util.go:56.64,57.15 1 0
github.com/hyperledger/fabric/orderer/consensus/hbbft/util.go:61.2,61.42 1 0
github.com/hyperledger/fabric/orderer/consensus/hbbft/util.go:67.2,68.42 2 0
github.com/hyperledger/fabric/orderer/consensus/hbbft/util.go:80.2,80.12 1 0
github.com/hyperledger/fabric/orderer/consensus/hbbft/util.go:57.15,59.3 1 0
github.com/hyperledger/fabric/orderer/consensus/hbbft/util.go:61.42,62.23 1 0
github.com/hyperledger/fabric/orderer/consensus/hbbft/util.go:62.23,64.4 1 0
github.com/hyperledger/fabric/orderer/consensus/hbbft/util.go:68.42,73.49 5 0
github.com/hyperledger/fabric/orderer/consensus/hbbft/util.go:77.3,78.31 2 0
github.com/hyperledger/fabric/orderer/consensus/hbbft/util.go:73.49,75.4 1 0
github.com/hyperledger/fabric/orderer/consensus/hbbft/util.go:84.97,86.79 2 0
github.com/hyperledger/fabric/orderer/consensus/hbbft/util.go:90.2,91.86 2 0
github.com/hyperledger/fabric/orderer/consensus/hbbft/util.go:95.2,95.29 1 0
github.com/hyperledger/fabric/orderer/consensus/hbbft/util.go:86.79,88.3 1 0
github.com/hyperledger/fabric/orderer/consensus/hbbft/util.go:91.86,93.3 1 0
github.com/hyperledger/fabric/orderer/consensus/hbbft/util.go:99.94,101.59 2 0
github.com/hyperledger/fabric/orderer/consensus/hbbft/util.go:109.2,109.61 1 0
github.com/hyperledger/fabric/orderer/consensus/hbbft/util.go:121.2,121.17 1 0
github.com/hyperledger/fabric/orderer/consensus/hbbft/util.go:101.59,102.69 1 0
github.com/hyperledger/fabric/orderer/consensus/hbbft/util.go:102.69,103.65 1 0
github.com/hyperledger/fabric/orderer/consensus/hbbft/util.go:103.65,105.5 1 0
github.com/hyperledger/fabric/orderer/consensus/hbbft/util.go:109.61,110.70 1 0
github.com/hyperledger/fabric/orderer/consensus/hbbft/util.go:110.70,111.65 1 0
github.com/hyperledger/fabric/orderer/consensus/hbbft/util.go:111.65,112.35 1 0
github.com/hyperledger/fabric/orderer/consensus/hbbft/util.go:117.5,117.40 1 0
github.com/hyperledger/fabric/orderer/consensus/hbbft/util.go:112.35,116.6 1 0
github.com/hyperledger/fabric/orderer/consensus/hbbft/util.go:126.86,128.16 2 4
github.com/hyperledger/fabric/orderer/consensus/hbbft/util.go:132.2,133.16 2 4
github.com/hyperledger/fabric/orderer/consensus/hbbft/util.go:137.2,137.27 1 4
github.com/hyperledger/fabric/orderer/consensus/hbbft/util.go:128.16,130.3 1 0
github.com/hyperledger/fabric/orderer/consensus/hbbft/util.go:133.16,135.3 1 0
github.com/hyperledger/fabric/orderer/consensus/hbbft/util.go:142.77,143.18 1 0
github.com/hyperledger/fabric/orderer/consensus/hbbft/util.go:147.2,148.16 2 0
github.com/hyperledger/fabric/orderer/consensus/hbbft/util.go:152.2,153.16 2 0
github.com/hyperledger/fabric/orderer/consensus/hbbft/util.go:157.2,157.28 1 0
github.com/hyperledger/fabric/orderer/consensus/hbbft/util.go:143.18,145.3 1 0
github.com/hyperledger/fabric/orderer/consensus/hbbft/util.go:148.16,150.3 1 0
github.com/hyperledger/fabric/orderer/consensus/hbbft/util.go:153.16,155.3 1 0
github.com/hyperledger/fabric/orderer/consensus/hbbft/util.go:158.52,160.17 2 0
github.com/hyperledger/fabric/orderer/consensus/hbbft/util.go:163.3,164.17 2 0
github.com/hyperledger/fabric/orderer/consensus/hbbft/util.go:168.3,168.28 1 0
github.com/hyperledger/fabric/orderer/consensus/hbbft/util.go:169.39,170.23 1 0
github.com/hyperledger/fabric/orderer/consensus/hbbft/util.go:171.10,172.78 1 0
github.com/hyperledger/fabric/orderer/consensus/hbbft/util.go:160.17,162.4 1 0
github.com/hyperledger/fabric/orderer/consensus/hbbft/util.go:164.17,166.4 1 0
github.com/hyperledger/fabric/orderer/consensus/hbbft/util.go:177.94,178.18 1 0
github.com/hyperledger/fabric/orderer/consensus/hbbft/util.go:182.2,182.37 1 0
github.com/hyperledger/fabric/orderer/consensus/hbbft/util.go:186.2,187.16 2 0
github.com/hyperledger/fabric/orderer/consensus/hbbft/util.go:191.2,192.16 2 0
github.com/hyperledger/fabric/orderer/consensus/hbbft/util.go:196.2,197.16 2 0
github.com/hyperledger/fabric/orderer/consensus/hbbft/util.go:201.2,201.47 1 0
github.com/hyperledger/fabric/orderer/consensus/hbbft/util.go:178.18,180.3 1 0
github.com/hyperledger/fabric/orderer/consensus/hbbft/util.go:182.37,184.3 1 0
github.com/hyperledger/fabric/orderer/consensus/hbbft/util.go:187.16,189.3 1 0
github.com/hyperledger/fabric/orderer/consensus/hbbft/util.go:192.16,194.3 1 0
github.com/hyperledger/fabric/orderer/consensus/hbbft/util.go:197.16,199.3 1 0
github.com/hyperledger/fabric/orderer/consensus/hbbft/util.go:205.67,206.21 1 0
github.com/hyperledger/fabric/orderer/consensus/hbbft/util.go:212.2,212.29 1 0
github.com/hyperledger/fabric/orderer/consensus/hbbft/util.go:216.2,218.43 1 0
github.com/hyperledger/fabric/orderer/consensus/hbbft/util.go:225.2,225.69 1 0
github.com/hyperledger/fabric/orderer/consensus/hbbft/util.go:230.2,230.77 1 0
github.com/hyperledger/fabric/orderer/consensus/hbbft/util.go:236.2,236.35 1 0
github.com/hyperledger/fabric/orderer/consensus/hbbft/util.go:241.2,241.48 1 0
github.com/hyperledger/fabric/orderer/consensus/hbbft/util.go:253.2,253.57 1 0
github.com/hyperledger/fabric/orderer/consensus/hbbft/util.go:257.2,257.12 1 0
github.com/hyperledger/fabric/orderer/consensus/hbbft/util.go:206.21,210.3 1 0
github.com/hyperledger/fabric/orderer/consensus/hbbft/util.go:212.29,214.3 1 0
github.com/hyperledger/fabric/orderer/consensus/hbbft/util.go:218.43,222.3 1 0
github.com/hyperledger/fabric/orderer/consensus/hbbft/util.go:225.69,228.3 1 0
github.com/hyperledger/fabric/orderer/consensus/hbbft/util.go:230.77,232.3 1 0
github.com/hyperledger/fabric/orderer/consensus/hbbft/util.go:232.8,232.19 1 0
github.com/hyperledger/fabric/orderer/consensus/hbbft/util.go:232.19,234.3 1 0
github.com/hyperledger/fabric/orderer/consensus/hbbft/util.go:236.35,238.3 1 0
github.com/hyperledger/fabric/orderer/consensus/hbbft/util.go:241.48,242.23 1 0
github.com/hyperledger/fabric/orderer/consensus/hbbft/util.go:245.3,245.73 1 0
github.com/hyperledger/fabric/orderer/consensus/hbbft/util.go:248.3,248.73 1 0
github.com/hyperledger/fabric/orderer/consensus/hbbft/util.go:242.23,244.4 1 0
github.com/hyperledger/fabric/orderer/consensus/hbbft/util.go:245.73,247.4 1 0
github.com/hyperledger/fabric/orderer/consensus/hbbft/util.go:248.73,250.4 1 0
github.com/hyperledger/fabric/orderer/consensus/hbbft/util.go:253.57,255.3 1 0
github.com/hyperledger/fabric/orderer/consensus/hbbft/util.go:260.58,263.15 2 0
github.com/hyperledger/fabric/orderer/consensus/hbbft/util.go:267.2,267.59 1 0
github.com/hyperledger/fabric/orderer/consensus/hbbft/util.go:270.2,270.12 1 0
github.com/hyperledger/fabric/orderer/consensus/hbbft/util.go:263.15,265.3 1 0
github.com/hyperledger/fabric/orderer/consensus/hbbft/util.go:267.59,269.3 1 0
github.com/hyperledger/fabric/orderer/consensus/hbbft/util.go:284.91,285.24 1 0
github.com/hyperledger/fabric/orderer/consensus/hbbft/util.go:288.2,289.16 2 0
github.com/hyperledger/fabric/orderer/consensus/hbbft/util.go:292.2,293.16 2 0
github.com/hyperledger/fabric/orderer/consensus/hbbft/util.go:296.2,297.13 2 0
github.com/hyperledger/fabric/orderer/consensus/hbbft/util.go:300.2,301.67 2 0
github.com/hyperledger/fabric/orderer/consensus/hbbft/util.go:305.2,305.41 1 0
github.com/hyperledger/fabric/orderer/consensus/hbbft/util.go:310.2,310.32 1 0
github.com/hyperledger/fabric/orderer/consensus/hbbft/util.go:285.24,287.3 1 0
github.com/hyperledger/fabric/orderer/consensus/hbbft/util.go:289.16,291.3 1 0
github.com/hyperledger/fabric/orderer/consensus/hbbft/util.go:293.16,295.3 1 0
github.com/hyperledger/fabric/orderer/consensus/hbbft/util.go:297.13,299.3 1 0
github.com/hyperledger/fabric/orderer/consensus/hbbft/util.go:301.67,303.3 1 0
github.com/hyperledger/fabric/orderer/consensus/hbbft/util.go:305.41,306.143 1 0
github.com/hyperledger/fabric/orderer/consensus/hbbft/util.go:306.143,308.4 1 0
github.com/hyperledger/fabric/orderer/consensus/hbbft/util.go:315.49,316.31 1 0
github.com/hyperledger/fabric/orderer/consensus/hbbft/util.go:321.2,321.14 1 0
github.com/hyperledger/fabric/orderer/consensus/hbbft/util.go:316.31,317.19 1 0
github.com/hyperledger/fabric/orderer/consensus/hbbft/util.go:317.19,319.4 1 0
github.com/hyperledger/fabric/orderer/consensus/hbbft/util.go:326.104,330.60 2 0
github.com/hyperledger/fabric/orderer/consensus/hbbft/util.go:350.2,350.23 1 0
github.com/hyperledger/fabric/orderer/consensus/hbbft/util.go:330.60,333.58 2 0
github.com/hyperledger/fabric/orderer/consensus/hbbft/util.go:333.58,334.48 1 0
github.com/hyperledger/fabric/orderer/consensus/hbbft/util.go:337.4,337.39 1 0
github.com/hyperledger/fabric/orderer/consensus/hbbft/util.go:334.48,335.13 1 0
github.com/hyperledger/fabric/orderer/consensus/hbbft/util.go:339.8,342.42 2 0
github.com/hyperledger/fabric/orderer/consensus/hbbft/util.go:342.42,343.54 1 0
github.com/hyperledger/fabric/orderer/consensus/hbbft/util.go:346.4,346.34 1 0
github.com/hyperledger/fabric/orderer/consensus/hbbft/util.go:343.54,344.13 1 0
github.com/hyperledger/fabric/orderer/consensus/hbbft/util.go:354.137,356.54 2 2
github.com/hyperledger/fabric/orderer/consensus/hbbft/util.go:359.2,359.19 1 2
github.com/hyperledger/fabric/orderer/consensus/hbbft/util.go:356.54,358.3 1 2
github.com/hyperledger/fabric/orderer/consensus/hbbft/blockcreator.go:25.72,31.27 3 20
github.com/hyperledger/fabric/orderer/consensus/hbbft/blockcreator.go:38.2,45.14 6 20
github.com/hyperledger/fabric/orderer/consensus/hbbft/blockcreator.go:31.27,33.17 2 20
github.com/hyperledger/fabric/orderer/consensus/hbbft/blockcreator.go:33.17,35.4 1 0
github.com/hyperledger/fabric/orderer/consensus/hbbft/blockpuller.go:29.66,31.20 2 0
github.com/hyperledger/fabric/orderer/consensus/hbbft/blockpuller.go:34.2,34.38 1 0
github.com/hyperledger/fabric/orderer/consensus/hbbft/blockpuller.go:31.20,33.3 1 0
github.com/hyperledger/fabric/orderer/consensus/hbbft/blockpuller.go:38.123,40.16 2 0
github.com/hyperledger/fabric/orderer/consensus/hbbft/blockpuller.go:43.2,44.16 2 0
github.com/hyperledger/fabric/orderer/consensus/hbbft/blockpuller.go:47.2,47.26 1 0
github.com/hyperledger/fabric/orderer/consensus/hbbft/blockpuller.go:40.16,42.3 1 0
github.com/hyperledger/fabric/orderer/consensus/hbbft/blockpuller.go:44.16,46.3 1 0
github.com/hyperledger/fabric/orderer/consensus/hbbft/blockpuller.go:50.92,53.22 3 0
github.com/hyperledger/fabric/orderer/consensus/hbbft/blockpuller.go:56.2,57.16 2 0
github.com/hyperledger/fabric/orderer/consensus/hbbft/blockpuller.go:60.2,60.29 1 0
github.com/hyperledger/fabric/orderer/consensus/hbbft/blockpuller.go:53.22,55.3 1 0
github.com/hyperledger/fabric/orderer/consensus/hbbft/blockpuller.go:57.16,59.3 1 0
github.com/hyperledger/fabric/orderer/consensus/hbbft/blockpuller.go:68.24,70.70 1 0
github.com/hyperledger/fabric/orderer/consensus/hbbft/blockpuller.go:74.2,82.16 5 0
github.com/hyperledger/fabric/orderer/consensus/hbbft/blockpuller.go:86.2,87.16 2 0
github.com/hyperledger/fabric/orderer/consensus/hbbft/blockpuller.go:92.2,109.8 2 0
github.com/hyperledger/fabric/orderer/consensus/hbbft/blockpuller.go:70.70,72.3 1 0
github.com/hyperledger/fabric/orderer/consensus/hbbft/blockpuller.go:82.16,84.3 1 0
github.com/hyperledger/fabric/orderer/consensus/hbbft/blockpuller.go:87.16,90.3 1 0
