mode: atomic
github.com/hyperledger/fabric/orderer/consensus/hbbft/consenter.go:68.65,69.31 1 3
github.com/hyperledger/fabric/orderer/consensus/hbbft/consenter.go:70.33,71.21 1 1
github.com/hyperledger/fabric/orderer/consensus/hbbft/consenter.go:72.30,73.21 1 1
github.com/hyperledger/fabric/orderer/consensus/hbbft/consenter.go:74.10,75.12 1 1
github.com/hyperledger/fabric/orderer/consensus/hbbft/consenter.go:81.71,83.15 2 4
github.com/hyperledger/fabric/orderer/consensus/hbbft/consenter.go:86.2,86.21 1 3
github.com/hyperledger/fabric/orderer/consensus/hbbft/consenter.go:89.2,89.65 1 2
github.com/hyperledger/fabric/orderer/consensus/hbbft/consenter.go:92.2,93.12 2 1
github.com/hyperledger/fabric/orderer/consensus/hbbft/consenter.go:83.15,85.3 1 1
github.com/hyperledger/fabric/orderer/consensus/hbbft/consenter.go:86.21,88.3 1 1
github.com/hyperledger/fabric/orderer/consensus/hbbft/consenter.go:89.65,91.3 1 1
github.com/hyperledger/fabric/orderer/consensus/hbbft/consenter.go:96.96,98.16 2 2
github.com/hyperledger/fabric/orderer/consensus/hbbft/consenter.go:102.2,103.38 2 2
github.com/hyperledger/fabric/orderer/consensus/hbbft/consenter.go:116.2,117.35 2 1
github.com/hyperledger/fabric/orderer/consensus/hbbft/consenter.go:98.16,100.3 1 0
github.com/hyperledger/fabric/orderer/consensus/hbbft/consenter.go:103.38,107.17 3 2
github.com/hyperledger/fabric/orderer/consensus/hbbft/consenter.go:111.3,111.48 1 2
github.com/hyperledger/fabric/orderer/consensus/hbbft/consenter.go:107.17,109.4 1 0
github.com/hyperledger/fabric/orderer/consensus/hbbft/consenter.go:111.48,113.4 1 1
github.com/hyperledger/fabric/orderer/consensus/hbbft/consenter.go:121.121,123.87 2 2
github.com/hyperledger/fabric/orderer/consensus/hbbft/consenter.go:127.2,127.22 1 2
github.com/hyperledger/fabric/orderer/consensus/hbbft/consenter.go:131.2,132.17 2 2
github.com/hyperledger/fabric/orderer/consensus/hbbft/consenter.go:142.2,143.16 2 2
github.com/hyperledger/fabric/orderer/consensus/hbbft/consenter.go:147.2,150.16 3 2
github.com/hyperledger/fabric/orderer/consensus/hbbft/consenter.go:157.2,179.31 3 1
github.com/hyperledger/fabric/orderer/consensus/hbbft/consenter.go:123.87,125.3 1 0
github.com/hyperledger/fabric/orderer/consensus/hbbft/consenter.go:127.22,129.3 1 0
github.com/hyperledger/fabric/orderer/consensus/hbbft/consenter.go:132.17,134.3 1 0
github.com/hyperledger/fabric/orderer/consensus/hbbft/consenter.go:143.16,145.3 1 0
github.com/hyperledger/fabric/orderer/consensus/hbbft/consenter.go:150.16,151.82 1 1
github.com/hyperledger/fabric/orderer/consensus/hbbft/consenter.go:154.3,154.105 1 1
github.com/hyperledger/fabric/orderer/consensus/hbbft/consenter.go:151.82,153.4 1 0
github.com/hyperledger/fabric/orderer/consensus/hbbft/consenter.go:179.31,179.108 1 0
github.com/hyperledger/fabric/orderer/consensus/hbbft/consenter.go:180.10,181.70 1 0
github.com/hyperledger/fabric/orderer/consensus/hbbft/consenter.go:181.70,181.106 1 0
github.com/hyperledger/fabric/orderer/consensus/hbbft/consenter.go:189.136,190.59 1 2
github.com/hyperledger/fabric/orderer/consensus/hbbft/consenter.go:198.2,203.32 2 2
github.com/hyperledger/fabric/orderer/consensus/hbbft/consenter.go:208.2,208.15 1 2
github.com/hyperledger/fabric/orderer/consensus/hbbft/consenter.go:190.59,192.65 2 0
github.com/hyperledger/fabric/orderer/consensus/hbbft/consenter.go:195.3,195.16 1 0
github.com/hyperledger/fabric/orderer/consensus/hbbft/consenter.go:192.65,194.4 1 0
github.com/hyperledger/fabric/orderer/consensus/hbbft/consenter.go:203.32,206.3 2 2
github.com/hyperledger/fabric/orderer/consensus/hbbft/consenter.go:220.14,259.2 9 0
github.com/hyperledger/fabric/orderer/consensus/hbbft/consenter.go:261.133,276.2 4 0
github.com/hyperledger/fabric/orderer/consensus/hbbft/dispatcher.go:41.106,43.21 2 0
github.com/hyperledger/fabric/orderer/consensus/hbbft/dispatcher.go:47.2,47.44 1 0
github.com/hyperledger/fabric/orderer/consensus/hbbft/dispatcher.go:43.21,46.3 2 0
github.com/hyperledger/fabric/orderer/consensus/hbbft/dispatcher.go:51.100,53.21 2 0
github.com/hyperledger/fabric/orderer/consensus/hbbft/dispatcher.go:57.2,57.41 1 0
github.com/hyperledger/fabric/orderer/consensus/hbbft/dispatcher.go:53.21,56.3 2 0
github.com/hyperledger/fabric/orderer/consensus/hbbft/util.go:43.46,45.2 1 0
github.com/hyperledger/fabric/orderer/consensus/hbbft/util.go:48.45,50.2 1 0
github.com/hyperledger/fabric/orderer/consensus/hbbft/util.go:53.45,55.2 1 0
github.com/hyperledger/fabric/orderer/consensus/hbbft/util.go:58.108,60.16 2 0
github.com/hyperledger/fabric/orderer/consensus/hbbft/util.go:63.2,64.16 2 0
github.com/hyperledger/fabric/orderer/consensus/hbbft/util.go:67.2,67.26 1 0
github.com/hyperledger/fabric/orderer/consensus/hbbft/util.go:60.16,62.3 1 0
github.com/hyperledger/fabric/orderer/consensus/hbbft/util.go:64.16,66.3 1 0
github.com/hyperledger/fabric/orderer/consensus/hbbft/util.go:70.92,73.22 3 0
github.com/hyperledger/fabric/orderer/consensus/hbbft/util.go:76.2,77.16 2 0
github.com/hyperledger/fabric/orderer/consensus/hbbft/util.go:80.2,80.29 1 0
github.com/hyperledger/fabric/orderer/consensus/hbbft/util.go:73.22,75.3 1 0
github.com/hyperledger/fabric/orderer/consensus/hbbft/util.go:77.16,79.3 1 0
github.com/hyperledger/fabric/orderer/consensus/hbbft/util.go:86.58,88.70 1 0
github.com/hyperledger/fabric/orderer/consensus/hbbft/util.go:92.2,100.16 5 0
github.com/hyperledger/fabric/orderer/consensus/hbbft/util.go:104.2,105.16 2 0
github.com/hyperledger/fabric/orderer/consensus/hbbft/util.go:110.2,127.8 2 0
github.com/hyperledger/fabric/orderer/consensus/hbbft/util.go:88.70,90.3 1 0
github.com/hyperledger/fabric/orderer/consensus/hbbft/util.go:100.16,102.3 1 0
github.com/hyperledger/fabric/orderer/consensus/hbbft/util.go:105.16,108.3 1 0
github.com/hyperledger/fabric/orderer/consensus/hbbft/util.go:137.42,140.39 2 0
github.com/hyperledger/fabric/orderer/consensus/hbbft/util.go:143.2,143.14 1 0
github.com/hyperledger/fabric/orderer/consensus/hbbft/util.go:140.39,142.3 1 0
github.com/hyperledger/fabric/orderer/consensus/hbbft/util.go:147.76,149.31 2 0
github.com/hyperledger/fabric/orderer/consensus/hbbft/util.go:152.2,152.12 1 0
github.com/hyperledger/fabric/orderer/consensus/hbbft/util.go:149.31,151.3 1 0
github.com/hyperledger/fabric/orderer/consensus/hbbft/util.go:157.84,159.36 2 0
github.com/hyperledger/fabric/orderer/consensus/hbbft/util.go:162.2,162.12 1 0
github.com/hyperledger/fabric/orderer/consensus/hbbft/util.go:159.36,161.3 1 0
github.com/hyperledger/fabric/orderer/consensus/hbbft/util.go:167.186,179.34 5 0
github.com/hyperledger/fabric/orderer/consensus/hbbft/util.go:189.2,191.39 3 0
github.com/hyperledger/fabric/orderer/consensus/hbbft/util.go:198.2,198.9 1 0
github.com/hyperledger/fabric/orderer/consensus/hbbft/util.go:229.2,229.20 1 0
github.com/hyperledger/fabric/orderer/consensus/hbbft/util.go:179.34,180.78 1 0
github.com/hyperledger/fabric/orderer/consensus/hbbft/util.go:185.3,186.51 2 0
github.com/hyperledger/fabric/orderer/consensus/hbbft/util.go:180.78,183.12 3 0
github.com/hyperledger/fabric/orderer/consensus/hbbft/util.go:191.39,192.70 1 0
github.com/hyperledger/fabric/orderer/consensus/hbbft/util.go:192.70,195.4 2 0
github.com/hyperledger/fabric/orderer/consensus/hbbft/util.go:199.68,203.61 3 0
github.com/hyperledger/fabric/orderer/consensus/hbbft/util.go:204.68,213.4 5 0
github.com/hyperledger/fabric/orderer/consensus/hbbft/util.go:214.68,221.39 3 0
github.com/hyperledger/fabric/orderer/consensus/hbbft/util.go:222.68,222.68 0 0
github.com/hyperledger/fabric/orderer/consensus/hbbft/util.go:224.10,226.123 1 0
github.com/hyperledger/fabric/orderer/consensus/hbbft/util.go:235.64,236.15 1 0
github.com/hyperledger/fabric/orderer/consensus/hbbft/util.go:240.2,240.42 1 0
github.com/hyperledger/fabric/orderer/consensus/hbbft/util.go:246.2,247.42 2 0
github.com/hyperledger/fabric/orderer/consensus/hbbft/util.go:259.2,259.12 1 0
github.com/hyperledger/fabric/orderer/consensus/hbbft/util.go:236.15,238.3 1 0
github.com/hyperledger/fabric/orderer/consensus/hbbft/util.go:240.42,241.23 1 0
github.com/hyperledger/fabric/orderer/consensus/hbbft/util.go:241.23,243.4 1 0
github.com/hyperledger/fabric/orderer/consensus/hbbft/util.go:247.42,252.49 5 0
github.com/hyperledger/fabric/orderer/consensus/hbbft/util.go:256.3,257.31 2 0
github.com/hyperledger/fabric/orderer/consensus/hbbft/util.go:252.49,254.4 1 0
github.com/hyperledger/fabric/orderer/consensus/hbbft/util.go:263.97,265.79 2 0
github.com/hyperledger/fabric/orderer/consensus/hbbft/util.go:269.2,270.86 2 0
github.com/hyperledger/fabric/orderer/consensus/hbbft/util.go:274.2,274.29 1 0
github.com/hyperledger/fabric/orderer/consensus/hbbft/util.go:265.79,267.3 1 0
github.com/hyperledger/fabric/orderer/consensus/hbbft/util.go:270.86,272.3 1 0
github.com/hyperledger/fabric/orderer/consensus/hbbft/util.go:278.94,280.59 2 0
github.com/hyperledger/fabric/orderer/consensus/hbbft/util.go:288.2,288.61 1 0
github.com/hyperledger/fabric/orderer/consensus/hbbft/util.go:300.2,300.17 1 0
github.com/hyperledger/fabric/orderer/consensus/hbbft/util.go:280.59,281.69 1 0
github.com/hyperledger/fabric/orderer/consensus/hbbft/util.go:281.69,282.65 1 0
github.com/hyperledger/fabric/orderer/consensus/hbbft/util.go:282.65,284.5 1 0
github.com/hyperledger/fabric/orderer/consensus/hbbft/util.go:288.61,289.70 1 0
github.com/hyperledger/fabric/orderer/consensus/hbbft/util.go:289.70,290.65 1 0
github.com/hyperledger/fabric/orderer/consensus/hbbft/util.go:290.65,291.35 1 0
github.com/hyperledger/fabric/orderer/consensus/hbbft/util.go:296.5,296.40 1 0
github.com/hyperledger/fabric/orderer/consensus/hbbft/util.go:291.35,295.6 1 0
github.com/hyperledger/fabric/orderer/consensus/hbbft/util.go:305.86,307.16 2 0
github.com/hyperledger/fabric/orderer/consensus/hbbft/util.go:311.2,312.16 2 0
github.com/hyperledger/fabric/orderer/consensus/hbbft/util.go:316.2,316.27 1 0
github.com/hyperledger/fabric/orderer/consensus/hbbft/util.go:307.16,309.3 1 0
github.com/hyperledger/fabric/orderer/consensus/hbbft/util.go:312.16,314.3 1 0
github.com/hyperledger/fabric/orderer/consensus/hbbft/util.go:321.77,322.18 1 0
github.com/hyperledger/fabric/orderer/consensus/hbbft/util.go:326.2,327.16 2 0
github.com/hyperledger/fabric/orderer/consensus/hbbft/util.go:331.2,332.16 2 0
github.com/hyperledger/fabric/orderer/consensus/hbbft/util.go:336.2,336.28 1 0
github.com/hyperledger/fabric/orderer/consensus/hbbft/util.go:322.18,324.3 1 0
github.com/hyperledger/fabric/orderer/consensus/hbbft/util.go:327.16,329.3 1 0
github.com/hyperledger/fabric/orderer/consensus/hbbft/util.go:332.16,334.3 1 0
github.com/hyperledger/fabric/orderer/consensus/hbbft/util.go:337.52,339.17 2 0
github.com/hyperledger/fabric/orderer/consensus/hbbft/util.go:342.3,343.17 2 0
github.com/hyperledger/fabric/orderer/consensus/hbbft/util.go:347.3,347.28 1 0
github.com/hyperledger/fabric/orderer/consensus/hbbft/util.go:348.39,349.23 1 0
github.com/hyperledger/fabric/orderer/consensus/hbbft/util.go:350.10,351.78 1 0
github.com/hyperledger/fabric/orderer/consensus/hbbft/util.go:339.17,341.4 1 0
github.com/hyperledger/fabric/orderer/consensus/hbbft/util.go:343.17,345.4 1 0
github.com/hyperledger/fabric/orderer/consensus/hbbft/util.go:356.94,357.18 1 0
github.com/hyperledger/fabric/orderer/consensus/hbbft/util.go:361.2,361.33 1 0
github.com/hyperledger/fabric/orderer/consensus/hbbft/util.go:365.2,366.16 2 0
github.com/hyperledger/fabric/orderer/consensus/hbbft/util.go:370.2,371.16 2 0
github.com/hyperledger/fabric/orderer/consensus/hbbft/util.go:375.2,376.16 2 0
github.com/hyperledger/fabric/orderer/consensus/hbbft/util.go:380.2,380.47 1 0
github.com/hyperledger/fabric/orderer/consensus/hbbft/util.go:357.18,359.3 1 0
github.com/hyperledger/fabric/orderer/consensus/hbbft/util.go:361.33,363.3 1 0
github.com/hyperledger/fabric/orderer/consensus/hbbft/util.go:366.16,368.3 1 0
github.com/hyperledger/fabric/orderer/consensus/hbbft/util.go:371.16,373.3 1 0
github.com/hyperledger/fabric/orderer/consensus/hbbft/util.go:376.16,378.3 1 0
github.com/hyperledger/fabric/orderer/consensus/hbbft/util.go:384.67,385.21 1 0
github.com/hyperledger/fabric/orderer/consensus/hbbft/util.go:391.2,391.29 1 0
github.com/hyperledger/fabric/orderer/consensus/hbbft/util.go:395.2,397.43 1 0
github.com/hyperledger/fabric/orderer/consensus/hbbft/util.go:404.2,404.69 1 0
github.com/hyperledger/fabric/orderer/consensus/hbbft/util.go:409.2,409.77 1 0
github.com/hyperledger/fabric/orderer/consensus/hbbft/util.go:415.2,415.35 1 0
github.com/hyperledger/fabric/orderer/consensus/hbbft/util.go:420.2,420.48 1 0
github.com/hyperledger/fabric/orderer/consensus/hbbft/util.go:432.2,432.57 1 0
github.com/hyperledger/fabric/orderer/consensus/hbbft/util.go:436.2,436.12 1 0
github.com/hyperledger/fabric/orderer/consensus/hbbft/util.go:385.21,389.3 1 0
github.com/hyperledger/fabric/orderer/consensus/hbbft/util.go:391.29,393.3 1 0
github.com/hyperledger/fabric/orderer/consensus/hbbft/util.go:397.43,401.3 1 0
github.com/hyperledger/fabric/orderer/consensus/hbbft/util.go:404.69,407.3 1 0
github.com/hyperledger/fabric/orderer/consensus/hbbft/util.go:409.77,411.3 1 0
github.com/hyperledger/fabric/orderer/consensus/hbbft/util.go:411.8,411.19 1 0
github.com/hyperledger/fabric/orderer/consensus/hbbft/util.go:411.19,413.3 1 0
github.com/hyperledger/fabric/orderer/consensus/hbbft/util.go:415.35,417.3 1 0
github.com/hyperledger/fabric/orderer/consensus/hbbft/util.go:420.48,421.23 1 0
github.com/hyperledger/fabric/orderer/consensus/hbbft/util.go:424.3,424.73 1 0
github.com/hyperledger/fabric/orderer/consensus/hbbft/util.go:427.3,427.73 1 0
github.com/hyperledger/fabric/orderer/consensus/hbbft/util.go:421.23,423.4 1 0
github.com/hyperledger/fabric/orderer/consensus/hbbft/util.go:424.73,426.4 1 0
github.com/hyperledger/fabric/orderer/consensus/hbbft/util.go:427.73,429.4 1 0
github.com/hyperledger/fabric/orderer/consensus/hbbft/util.go:432.57,434.3 1 0
github.com/hyperledger/fabric/orderer/consensus/hbbft/util.go:439.58,442.15 2 0
github.com/hyperledger/fabric/orderer/consensus/hbbft/util.go:446.2,446.59 1 0
github.com/hyperledger/fabric/orderer/consensus/hbbft/util.go:449.2,449.12 1 0
github.com/hyperledger/fabric/orderer/consensus/hbbft/util.go:442.15,444.3 1 0
github.com/hyperledger/fabric/orderer/consensus/hbbft/util.go:446.59,448.3 1 0
github.com/hyperledger/fabric/orderer/consensus/hbbft/util.go:458.91,459.24 1 0
github.com/hyperledger/fabric/orderer/consensus/hbbft/util.go:462.2,463.16 2 0
github.com/hyperledger/fabric/orderer/consensus/hbbft/util.go:466.2,467.16 2 0
github.com/hyperledger/fabric/orderer/consensus/hbbft/util.go:470.2,471.13 2 0
github.com/hyperledger/fabric/orderer/consensus/hbbft/util.go:474.2,475.67 2 0
github.com/hyperledger/fabric/orderer/consensus/hbbft/util.go:479.2,479.41 1 0
github.com/hyperledger/fabric/orderer/consensus/hbbft/util.go:484.2,484.32 1 0
github.com/hyperledger/fabric/orderer/consensus/hbbft/util.go:459.24,461.3 1 0
github.com/hyperledger/fabric/orderer/consensus/hbbft/util.go:463.16,465.3 1 0
github.com/hyperledger/fabric/orderer/consensus/hbbft/util.go:467.16,469.3 1 0
github.com/hyperledger/fabric/orderer/consensus/hbbft/util.go:471.13,473.3 1 0
github.com/hyperledger/fabric/orderer/consensus/hbbft/util.go:475.67,477.3 1 0
github.com/hyperledger/fabric/orderer/consensus/hbbft/util.go:479.41,480.101 1 0
github.com/hyperledger/fabric/orderer/consensus/hbbft/util.go:480.101,482.4 1 0
github.com/hyperledger/fabric/orderer/consensus/hbbft/util.go:489.49,490.31 1 0
github.com/hyperledger/fabric/orderer/consensus/hbbft/util.go:495.2,495.14 1 0
github.com/hyperledger/fabric/orderer/consensus/hbbft/util.go:490.31,491.19 1 0
github.com/hyperledger/fabric/orderer/consensus/hbbft/util.go:491.19,493.4 1 0
github.com/hyperledger/fabric/orderer/consensus/hbbft/util.go:500.104,504.60 2 0
github.com/hyperledger/fabric/orderer/consensus/hbbft/util.go:524.2,524.23 1 0
github.com/hyperledger/fabric/orderer/consensus/hbbft/util.go:504.60,507.58 2 0
github.com/hyperledger/fabric/orderer/consensus/hbbft/util.go:507.58,508.48 1 0
github.com/hyperledger/fabric/orderer/consensus/hbbft/util.go:511.4,511.39 1 0
github.com/hyperledger/fabric/orderer/consensus/hbbft/util.go:508.48,509.13 1 0
github.com/hyperledger/fabric/orderer/consensus/hbbft/util.go:513.8,516.42 2 0
github.com/hyperledger/fabric/orderer/consensus/hbbft/util.go:516.42,517.54 1 0
github.com/hyperledger/fabric/orderer/consensus/hbbft/util.go:520.4,520.34 1 0
github.com/hyperledger/fabric/orderer/consensus/hbbft/util.go:517.54,518.13 1 0
github.com/hyperledger/fabric/orderer/consensus/hbbft/util.go:536.76,538.20 2 0
github.com/hyperledger/fabric/orderer/consensus/hbbft/util.go:541.2,541.48 1 0
github.com/hyperledger/fabric/orderer/consensus/hbbft/util.go:538.20,540.3 1 0
github.com/hyperledger/fabric/orderer/consensus/hbbft/util.go:545.137,547.54 2 2
github.com/hyperledger/fabric/orderer/consensus/hbbft/util.go:550.2,550.19 1 2
github.com/hyperledger/fabric/orderer/consensus/hbbft/util.go:547.54,549.3 1 2
github.com/hyperledger/fabric/orderer/consensus/hbbft/blockcreator.go:24.72,30.27 3 4
github.com/hyperledger/fabric/orderer/consensus/hbbft/blockcreator.go:37.2,44.14 6 4
github.com/hyperledger/fabric/orderer/consensus/hbbft/blockcreator.go:30.27,32.17 2 4
github.com/hyperledger/fabric/orderer/consensus/hbbft/blockcreator.go:32.17,34.4 1 0
github.com/hyperledger/fabric/orderer/consensus/hbbft/chain.go:130.50,135.14 3 5
github.com/hyperledger/fabric/orderer/consensus/hbbft/chain.go:139.2,161.15 3 5
github.com/hyperledger/fabric/orderer/consensus/hbbft/chain.go:135.14,137.3 1 0
github.com/hyperledger/fabric/orderer/consensus/hbbft/chain.go:165.25,168.42 2 5
github.com/hyperledger/fabric/orderer/consensus/hbbft/chain.go:174.2,175.36 2 5
github.com/hyperledger/fabric/orderer/consensus/hbbft/chain.go:179.2,191.17 6 5
github.com/hyperledger/fabric/orderer/consensus/hbbft/chain.go:168.42,172.3 3 0
github.com/hyperledger/fabric/orderer/consensus/hbbft/chain.go:175.36,178.3 2 0
github.com/hyperledger/fabric/orderer/consensus/hbbft/chain.go:196.69,199.2 1 1
github.com/hyperledger/fabric/orderer/consensus/hbbft/chain.go:202.73,205.57 1 0
github.com/hyperledger/fabric/orderer/consensus/hbbft/chain.go:210.2,210.117 1 0
github.com/hyperledger/fabric/orderer/consensus/hbbft/chain.go:205.57,209.3 2 0
github.com/hyperledger/fabric/orderer/consensus/hbbft/chain.go:215.71,218.16 3 0
github.com/hyperledger/fabric/orderer/consensus/hbbft/chain.go:221.2,222.16 2 0
github.com/hyperledger/fabric/orderer/consensus/hbbft/chain.go:226.2,227.48 1 0
github.com/hyperledger/fabric/orderer/consensus/hbbft/chain.go:231.2,231.63 1 0
github.com/hyperledger/fabric/orderer/consensus/hbbft/chain.go:243.2,244.16 2 0
github.com/hyperledger/fabric/orderer/consensus/hbbft/chain.go:248.2,249.16 2 0
github.com/hyperledger/fabric/orderer/consensus/hbbft/chain.go:253.2,253.21 1 0
github.com/hyperledger/fabric/orderer/consensus/hbbft/chain.go:257.2,257.53 1 0
github.com/hyperledger/fabric/orderer/consensus/hbbft/chain.go:261.2,261.19 1 0
github.com/hyperledger/fabric/orderer/consensus/hbbft/chain.go:287.2,287.12 1 0
github.com/hyperledger/fabric/orderer/consensus/hbbft/chain.go:218.16,220.3 1 0
github.com/hyperledger/fabric/orderer/consensus/hbbft/chain.go:222.16,224.3 1 0
github.com/hyperledger/fabric/orderer/consensus/hbbft/chain.go:227.48,229.3 1 0
github.com/hyperledger/fabric/orderer/consensus/hbbft/chain.go:231.63,233.17 2 0
github.com/hyperledger/fabric/orderer/consensus/hbbft/chain.go:237.3,238.17 2 0
github.com/hyperledger/fabric/orderer/consensus/hbbft/chain.go:233.17,235.4 1 0
github.com/hyperledger/fabric/orderer/consensus/hbbft/chain.go:238.17,240.4 1 0
github.com/hyperledger/fabric/orderer/consensus/hbbft/chain.go:244.16,246.3 1 0
github.com/hyperledger/fabric/orderer/consensus/hbbft/chain.go:249.16,251.3 1 0
github.com/hyperledger/fabric/orderer/consensus/hbbft/chain.go:253.21,255.3 1 0
github.com/hyperledger/fabric/orderer/consensus/hbbft/chain.go:257.53,259.3 1 0
github.com/hyperledger/fabric/orderer/consensus/hbbft/chain.go:262.52,267.41 4 0
github.com/hyperledger/fabric/orderer/consensus/hbbft/chain.go:273.3,273.13 1 0
github.com/hyperledger/fabric/orderer/consensus/hbbft/chain.go:275.39,280.13 4 0
github.com/hyperledger/fabric/orderer/consensus/hbbft/chain.go:282.10,284.60 1 0
github.com/hyperledger/fabric/orderer/consensus/hbbft/chain.go:267.41,268.56 1 0
github.com/hyperledger/fabric/orderer/consensus/hbbft/chain.go:268.56,270.5 1 0
github.com/hyperledger/fabric/orderer/consensus/hbbft/chain.go:294.35,295.38 1 0
github.com/hyperledger/fabric/orderer/consensus/hbbft/chain.go:299.2,299.9 1 0
github.com/hyperledger/fabric/orderer/consensus/hbbft/chain.go:305.2,305.12 1 0
github.com/hyperledger/fabric/orderer/consensus/hbbft/chain.go:295.38,297.3 1 0
github.com/hyperledger/fabric/orderer/consensus/hbbft/chain.go:300.24,300.24 0 0
github.com/hyperledger/fabric/orderer/consensus/hbbft/chain.go:301.17,302.43 1 0
github.com/hyperledger/fabric/orderer/consensus/hbbft/chain.go:309.43,313.2 3 8
github.com/hyperledger/fabric/orderer/consensus/hbbft/chain.go:316.24,317.9 1 4
github.com/hyperledger/fabric/orderer/consensus/hbbft/chain.go:324.2,324.9 1 4
github.com/hyperledger/fabric/orderer/consensus/hbbft/chain.go:318.18,318.18 0 4
github.com/hyperledger/fabric/orderer/consensus/hbbft/chain.go:319.10,321.9 2 0
github.com/hyperledger/fabric/orderer/consensus/hbbft/chain.go:326.17,327.9 1 0
github.com/hyperledger/fabric/orderer/consensus/hbbft/chain.go:328.10,331.28 2 4
github.com/hyperledger/fabric/orderer/consensus/hbbft/chain.go:331.28,333.4 1 0
github.com/hyperledger/fabric/orderer/consensus/hbbft/chain.go:337.35,338.9 1 280
github.com/hyperledger/fabric/orderer/consensus/hbbft/chain.go:344.2,344.9 1 280
github.com/hyperledger/fabric/orderer/consensus/hbbft/chain.go:350.2,350.12 1 280
github.com/hyperledger/fabric/orderer/consensus/hbbft/chain.go:339.18,339.18 0 280
github.com/hyperledger/fabric/orderer/consensus/hbbft/chain.go:340.10,341.47 1 0
github.com/hyperledger/fabric/orderer/consensus/hbbft/chain.go:345.17,346.43 1 0
github.com/hyperledger/fabric/orderer/consensus/hbbft/chain.go:347.10,347.10 0 280
github.com/hyperledger/fabric/orderer/consensus/hbbft/chain.go:354.79,355.38 1 276
github.com/hyperledger/fabric/orderer/consensus/hbbft/chain.go:359.2,360.62 2 276
github.com/hyperledger/fabric/orderer/consensus/hbbft/chain.go:365.2,367.12 2 276
github.com/hyperledger/fabric/orderer/consensus/hbbft/chain.go:355.38,357.3 1 0
github.com/hyperledger/fabric/orderer/consensus/hbbft/chain.go:360.62,362.3 1 0
github.com/hyperledger/fabric/orderer/consensus/hbbft/chain.go:374.73,375.38 1 4
github.com/hyperledger/fabric/orderer/consensus/hbbft/chain.go:379.2,379.24 1 4
github.com/hyperledger/fabric/orderer/consensus/hbbft/chain.go:387.2,387.9 1 4
github.com/hyperledger/fabric/orderer/consensus/hbbft/chain.go:394.2,394.12 1 4
github.com/hyperledger/fabric/orderer/consensus/hbbft/chain.go:375.38,378.3 1 0
github.com/hyperledger/fabric/orderer/consensus/hbbft/chain.go:379.24,380.37 1 1
github.com/hyperledger/fabric/orderer/consensus/hbbft/chain.go:380.37,381.22 1 4
github.com/hyperledger/fabric/orderer/consensus/hbbft/chain.go:381.22,383.5 1 3
github.com/hyperledger/fabric/orderer/consensus/hbbft/chain.go:388.33,388.33 0 4
github.com/hyperledger/fabric/orderer/consensus/hbbft/chain.go:389.17,391.43 1 0
github.com/hyperledger/fabric/orderer/consensus/hbbft/chain.go:398.24,399.6 1 5
github.com/hyperledger/fabric/orderer/consensus/hbbft/chain.go:399.6,400.10 1 373
github.com/hyperledger/fabric/orderer/consensus/hbbft/chain.go:401.37,403.34 2 368
github.com/hyperledger/fabric/orderer/consensus/hbbft/chain.go:407.4,408.18 2 368
github.com/hyperledger/fabric/orderer/consensus/hbbft/chain.go:412.4,412.104 1 368
github.com/hyperledger/fabric/orderer/consensus/hbbft/chain.go:413.18,414.10 1 4
github.com/hyperledger/fabric/orderer/consensus/hbbft/chain.go:403.34,405.5 1 92
github.com/hyperledger/fabric/orderer/consensus/hbbft/chain.go:408.18,409.13 1 0
github.com/hyperledger/fabric/orderer/consensus/hbbft/chain.go:420.30,422.6 2 5
github.com/hyperledger/fabric/orderer/consensus/hbbft/chain.go:422.6,423.10 1 9
github.com/hyperledger/fabric/orderer/consensus/hbbft/chain.go:424.39,427.18 2 4
github.com/hyperledger/fabric/orderer/consensus/hbbft/chain.go:432.4,433.11 2 4
github.com/hyperledger/fabric/orderer/consensus/hbbft/chain.go:446.16,451.23 3 0
github.com/hyperledger/fabric/orderer/consensus/hbbft/chain.go:455.4,456.23 2 0
github.com/hyperledger/fabric/orderer/consensus/hbbft/chain.go:459.4,459.31 1 0
github.com/hyperledger/fabric/orderer/consensus/hbbft/chain.go:461.18,462.10 1 4
github.com/hyperledger/fabric/orderer/consensus/hbbft/chain.go:427.18,429.13 2 0
github.com/hyperledger/fabric/orderer/consensus/hbbft/chain.go:434.34,436.16 1 0
github.com/hyperledger/fabric/orderer/consensus/hbbft/chain.go:437.33,440.99 2 0
github.com/hyperledger/fabric/orderer/consensus/hbbft/chain.go:441.12,441.12 0 4
github.com/hyperledger/fabric/orderer/consensus/hbbft/chain.go:451.23,453.13 2 0
github.com/hyperledger/fabric/orderer/consensus/hbbft/chain.go:456.23,458.5 1 0
github.com/hyperledger/fabric/orderer/consensus/hbbft/chain.go:467.23,474.6 1 5
github.com/hyperledger/fabric/orderer/consensus/hbbft/chain.go:474.6,475.10 1 9
github.com/hyperledger/fabric/orderer/consensus/hbbft/chain.go:476.25,477.16 1 4
github.com/hyperledger/fabric/orderer/consensus/hbbft/chain.go:482.4,484.31 2 4
github.com/hyperledger/fabric/orderer/consensus/hbbft/chain.go:505.4,505.38 1 4
github.com/hyperledger/fabric/orderer/consensus/hbbft/chain.go:507.18,508.11 1 4
github.com/hyperledger/fabric/orderer/consensus/hbbft/chain.go:514.4,516.10 2 4
github.com/hyperledger/fabric/orderer/consensus/hbbft/chain.go:477.16,479.13 1 0
github.com/hyperledger/fabric/orderer/consensus/hbbft/chain.go:484.31,495.13 3 0
github.com/hyperledger/fabric/orderer/consensus/hbbft/chain.go:509.20,509.20 0 0
github.com/hyperledger/fabric/orderer/consensus/hbbft/chain.go:510.12,511.20 1 4
github.com/hyperledger/fabric/orderer/consensus/hbbft/chain.go:521.63,523.55 2 4
github.com/hyperledger/fabric/orderer/consensus/hbbft/chain.go:530.2,534.32 3 4
github.com/hyperledger/fabric/orderer/consensus/hbbft/chain.go:539.2,544.32 5 4
github.com/hyperledger/fabric/orderer/consensus/hbbft/chain.go:523.55,525.3 1 0
github.com/hyperledger/fabric/orderer/consensus/hbbft/chain.go:525.8,525.62 1 4
github.com/hyperledger/fabric/orderer/consensus/hbbft/chain.go:525.62,528.3 2 0
github.com/hyperledger/fabric/orderer/consensus/hbbft/chain.go:534.32,537.3 2 0
github.com/hyperledger/fabric/orderer/consensus/hbbft/chain.go:554.109,557.29 2 4
github.com/hyperledger/fabric/orderer/consensus/hbbft/chain.go:579.2,579.33 1 4
github.com/hyperledger/fabric/orderer/consensus/hbbft/chain.go:593.2,594.30 2 4
github.com/hyperledger/fabric/orderer/consensus/hbbft/chain.go:557.29,559.34 1 0
github.com/hyperledger/fabric/orderer/consensus/hbbft/chain.go:570.3,572.22 3 0
github.com/hyperledger/fabric/orderer/consensus/hbbft/chain.go:575.3,576.29 2 0
github.com/hyperledger/fabric/orderer/consensus/hbbft/chain.go:559.34,562.18 3 0
github.com/hyperledger/fabric/orderer/consensus/hbbft/chain.go:566.4,566.66 1 0
github.com/hyperledger/fabric/orderer/consensus/hbbft/chain.go:562.18,564.5 1 0
github.com/hyperledger/fabric/orderer/consensus/hbbft/chain.go:566.66,568.5 1 0
github.com/hyperledger/fabric/orderer/consensus/hbbft/chain.go:572.22,574.4 1 0
github.com/hyperledger/fabric/orderer/consensus/hbbft/chain.go:579.33,581.68 2 0
github.com/hyperledger/fabric/orderer/consensus/hbbft/chain.go:581.68,583.4 1 0
github.com/hyperledger/fabric/orderer/consensus/hbbft/chain.go:598.74,599.32 1 4
github.com/hyperledger/fabric/orderer/consensus/hbbft/chain.go:605.2,605.8 1 4
github.com/hyperledger/fabric/orderer/consensus/hbbft/chain.go:599.32,603.3 3 4
github.com/hyperledger/fabric/orderer/consensus/hbbft/chain.go:637.53,639.16 2 8
github.com/hyperledger/fabric/orderer/consensus/hbbft/chain.go:643.2,643.108 1 8
github.com/hyperledger/fabric/orderer/consensus/hbbft/chain.go:639.16,641.3 1 0
github.com/hyperledger/fabric/orderer/consensus/hbbft/chain.go:646.39,653.16 2 5
github.com/hyperledger/fabric/orderer/consensus/hbbft/chain.go:657.2,658.12 2 5
github.com/hyperledger/fabric/orderer/consensus/hbbft/chain.go:653.16,655.3 1 0
github.com/hyperledger/fabric/orderer/consensus/hbbft/chain.go:661.61,666.51 4 5
github.com/hyperledger/fabric/orderer/consensus/hbbft/chain.go:686.2,686.19 1 5
github.com/hyperledger/fabric/orderer/consensus/hbbft/chain.go:666.51,668.25 1 17
github.com/hyperledger/fabric/orderer/consensus/hbbft/chain.go:671.3,672.17 2 12
github.com/hyperledger/fabric/orderer/consensus/hbbft/chain.go:675.3,676.17 2 12
github.com/hyperledger/fabric/orderer/consensus/hbbft/chain.go:679.3,684.5 1 12
github.com/hyperledger/fabric/orderer/consensus/hbbft/chain.go:668.25,669.12 1 5
github.com/hyperledger/fabric/orderer/consensus/hbbft/chain.go:672.17,674.4 1 0
github.com/hyperledger/fabric/orderer/consensus/hbbft/chain.go:676.17,678.4 1 0
github.com/hyperledger/fabric/orderer/consensus/hbbft/chain.go:689.107,691.15 2 28
github.com/hyperledger/fabric/orderer/consensus/hbbft/chain.go:695.2,695.22 1 28
github.com/hyperledger/fabric/orderer/consensus/hbbft/chain.go:691.15,694.3 2 0
github.com/hyperledger/fabric/orderer/consensus/hbbft/chain.go:701.69,703.16 2 0
github.com/hyperledger/fabric/orderer/consensus/hbbft/chain.go:707.2,709.37 2 0
github.com/hyperledger/fabric/orderer/consensus/hbbft/chain.go:703.16,705.3 1 0
github.com/hyperledger/fabric/orderer/consensus/hbbft/chain.go:710.32,723.56 5 0
github.com/hyperledger/fabric/orderer/consensus/hbbft/chain.go:771.45,779.39 6 0
github.com/hyperledger/fabric/orderer/consensus/hbbft/chain.go:781.10,782.96 1 0
github.com/hyperledger/fabric/orderer/consensus/hbbft/chain.go:818.81,820.16 2 0
github.com/hyperledger/fabric/orderer/consensus/hbbft/chain.go:823.2,823.17 1 0
github.com/hyperledger/fabric/orderer/consensus/hbbft/chain.go:820.16,822.3 1 0
